well_head_depth_pressure =  175.96349999999998
The string 'wbhp' is found as control!
Walltime = 0.0 Simulated time = 0.0
# 1 	T = 1e-05	DT = 1e-05	NI = 5	LI=7
Walltime = 1.304966926574707 Simulated time = 1e-05
# 2 	T = 2.3e-05	DT = 1.3e-05	NI = 1	LI=2
Walltime = 1.524388074874878 Simulated time = 2.3000000000000003e-05
# 3 	T = 3.99e-05	DT = 1.69e-05	NI = 1	LI=2
Walltime = 1.6938741207122803 Simulated time = 3.990000000000001e-05
# 4 	T = 6.187e-05	DT = 2.197e-05	NI = 1	LI=2
Walltime = 1.9511616230010986 Simulated time = 6.187e-05
# 5 	T = 9.0431e-05	DT = 2.8561e-05	NI = 2	LI=3
Walltime = 2.319324016571045 Simulated time = 9.0431e-05
# 6 	T = 0.00012756	DT = 3.71293e-05	NI = 2	LI=4
Walltime = 2.6323399543762207 Simulated time = 0.0001275603
# 7 	T = 0.000175828	DT = 4.82681e-05	NI = 2	LI=4
Walltime = 2.815744161605835 Simulated time = 0.00017582839
# 8 	T = 0.000238577	DT = 6.27485e-05	NI = 1	LI=2
Walltime = 3.0472216606140137 Simulated time = 0.000238576907
# 9 	T = 0.00032015	DT = 8.15731e-05	NI = 2	LI=4
Walltime = 3.701509952545166 Simulated time = 0.0003201499791
# 10 	T = 0.000426195	DT = 0.000106045	NI = 2	LI=4
Walltime = 4.242416143417358 Simulated time = 0.00042619497283
# 11 	T = 0.000564053	DT = 0.000137858	NI = 2	LI=4
Walltime = 4.748283386230469 Simulated time = 0.000564053464679
# 12 	T = 0.00074327	DT = 0.000179216	NI = 2	LI=4
Walltime = 4.9312803745269775 Simulated time = 0.0007432695040827001
# 13 	T = 0.00097625	DT = 0.000232981	NI = 2	LI=6
Walltime = 5.281262397766113 Simulated time = 0.0009762503553075102
# 14 	T = 0.00127913	DT = 0.000302875	NI = 2	LI=6
Walltime = 5.760629653930664 Simulated time = 0.0012791254618997633
# 15 	T = 0.00167286	DT = 0.000393738	NI = 2	LI=4
Walltime = 6.939144134521484 Simulated time = 0.0016728631004696924
# 16 	T = 0.00218472	DT = 0.000511859	NI = 2	LI=8
Walltime = 7.68028998374939 Simulated time = 0.0021847220306106
# 17 	T = 0.00285014	DT = 0.000665417	NI = 2	LI=6
Walltime = 8.290093660354614 Simulated time = 0.0028501386397937803
# 18 	T = 0.00371518	DT = 0.000865042	NI = 2	LI=6
Walltime = 8.81074833869934 Simulated time = 0.0037151802317319147
# 19 	T = 0.00483973	DT = 0.00112455	NI = 2	LI=6
Walltime = 9.046750545501709 Simulated time = 0.004839734301251489
# 20 	T = 0.00630165	DT = 0.00146192	NI = 1	LI=3
Walltime = 9.149824857711792 Simulated time = 0.006301654591626936
# 21 	T = 0.00820215	DT = 0.0019005	NI = 1	LI=3
Walltime = 9.289998054504395 Simulated time = 0.008202150969115017
# 22 	T = 0.01	DT = 0.00179785	NI = 1	LI=3
TS = 22(0), NI = 40(0), LI = 93(0)
well_head_depth_pressure =  175.96349999999998
The string 'wbhp' is found as control!
Walltime = 0.0 Simulated time = 0.01
# 1 	T = 0.0124706	DT = 0.00247065	NI = 1	LI=4
Walltime = 0.5857107639312744 Simulated time = 0.012470645290734505
# 2 	T = 0.0156825	DT = 0.00321184	NI = 1	LI=4
Walltime = 0.6903316974639893 Simulated time = 0.01568248416868936
# 3 	T = 0.0198579	DT = 0.00417539	NI = 1	LI=3
Walltime = 0.8051145076751709 Simulated time = 0.019857874710030674
# 4 	T = 0.02	DT = 0.000142125	NI = 1	LI=2
TS = 26(0), NI = 44(0), LI = 106(0)
