darts-linear-solvers built on vr 21-02-2025 13:26:34 by SRV554$@SRV554 from 9c7e762-dirty
darts-engines built on Apr 23 2025 12:09:59 by SRV554$@SRV554 from 129bcef2bd877efb14fea3d9a30d85c37df77640
darts-discretizer built on Apr 23 2025 12:09:59 by SRV554$@SRV554 from 129bcef2bd877efb14fea3d9a30d85c37df77640
num_of_elements: 22677
num_of_cells:    25000
active_cells:    18038
number_of_faces: 58351
bnd_faces_num:   4639
53712 connections:
Adjacency matrix:	7	[ms]
Find TPFA trans:	82	[ms]
Processing mesh: 18038 reservoir blocks, 32 well blocks, 53774 connections
Linear solver type is CPU_GMRES_CPR_AMG
2-phase 2-component non-isothermal flow with kinetic reaction and diffusion CPU engine
Sim params: 
	First ts: 	1e-05
	Max ts: 	10
	Mult ts: 	1.3
	Max i newton: 	20
	Max i linear: 	50
	Tol newton: 	0.001
	Tol linear: 	1e-05
	OpenMP threads: 	6

START SIMULATION
-------------------------------------------------------------------------------------------------------------
Well INJ initialized with BHP-control
	 #1 (1.0816e-09, 8.0090e+04): lin 2 (6.3e-12)
Composition correction applied in 15 block(s)
OBL axis correction: block 18069 variable 2 shoots over axis limit of 373.15 to 399.482
OBL axis correction applied 1 time(s) 
	 #2 (5.5083e-10, 2.4589e+04): lin 1 (7.8e-06)
	 #3 (1.4701e-12, 3.5152e+03): lin 1 (1.4e-06)
	 #4 (1.6234e-13, 2.1415e+02): lin 1 (6.5e-06)
	 #5 (3.2121e-15, 5.2632e+00): lin 2 (5.9e-13)
-------------------------------------------------------------------------------------------------------------
 T = 1e-05, DT = 1e-05, NI = 5, LI = 7, RES = 8.2e-16 (8.3e-03), CFL=0.000 (ELAPSED 00:00:01 )
-------------------------------------------------------------------------------------------------------------
	 #1 (1.9305e-09, 4.4841e+01): lin 2 (3.1e-13)
-------------------------------------------------------------------------------------------------------------
 T = 2.3e-05, DT = 1.3e-05, NI = 1, LI = 2, RES = 1.4e-15 (3.6e-02), CFL=0.000 (ELAPSED 00:00:01 )
-------------------------------------------------------------------------------------------------------------
	 #1 (2.5090e-09, 1.2259e+00): lin 2 (6.1e-13)
-------------------------------------------------------------------------------------------------------------
 T = 3.99e-05, DT = 1.69e-05, NI = 1, LI = 2, RES = 1.9e-15 (4.1e-02), CFL=0.000 (ELAPSED 00:00:01 )
-------------------------------------------------------------------------------------------------------------
	 #1 (3.2548e-09, 1.3398e+00): lin 2 (3.9e-12)
-------------------------------------------------------------------------------------------------------------
 T = 6.187e-05, DT = 2.197e-05, NI = 1, LI = 2, RES = 2.9e-15 (7.6e-02), CFL=0.000 (ELAPSED 00:00:01 )
-------------------------------------------------------------------------------------------------------------
	 #1 (4.2196e-09, 1.5289e+00): lin 2 (1.8e-11)
	 #2 (4.5687e-15, 1.0906e-01): lin 1 (6.2e-06)
-------------------------------------------------------------------------------------------------------------
 T = 9.0431e-05, DT = 2.8561e-05, NI = 2, LI = 3, RES = 1.0e-15 (6.8e-08), CFL=0.000 (ELAPSED 00:00:02 )
-------------------------------------------------------------------------------------------------------------
	 #1 (5.4656e-09, 1.7063e+00): lin 2 (3.8e-11)
	 #2 (7.3423e-15, 1.7406e-01): lin 2 (4.9e-12)
-------------------------------------------------------------------------------------------------------------
 T = 0.00012756, DT = 3.71293e-05, NI = 2, LI = 4, RES = 1.1e-15 (8.4e-08), CFL=0.000 (ELAPSED 00:00:02 )
-------------------------------------------------------------------------------------------------------------
	 #1 (7.0718e-09, 1.8745e+00): lin 2 (1.1e-10)
	 #2 (1.2059e-14, 1.7123e-01): lin 2 (5.2e-11)
-------------------------------------------------------------------------------------------------------------
 T = 0.000175828, DT = 4.82681e-05, NI = 2, LI = 4, RES = 1.2e-15 (1.1e-07), CFL=0.000 (ELAPSED 00:00:02 )
-------------------------------------------------------------------------------------------------------------
	 #1 (9.1369e-09, 2.0185e+00): lin 2 (8.5e-11)
-------------------------------------------------------------------------------------------------------------
 T = 0.000238577, DT = 6.27485e-05, NI = 1, LI = 2, RES = 1.9e-14 (7.6e-02), CFL=0.000 (ELAPSED 00:00:02 )
-------------------------------------------------------------------------------------------------------------
	 #1 (1.1784e-08, 2.1355e+00): lin 2 (2.6e-10)
	 #2 (3.2276e-14, 5.3644e-01): lin 2 (2.6e-10)
-------------------------------------------------------------------------------------------------------------
 T = 0.00032015, DT = 8.15731e-05, NI = 2, LI = 4, RES = 1.2e-15 (1.8e-07), CFL=0.000 (ELAPSED 00:00:03 )
-------------------------------------------------------------------------------------------------------------
	 #1 (1.5161e-08, 2.1974e+00): lin 2 (1.0e-09)
	 #2 (5.2027e-14, 5.5922e-01): lin 2 (1.1e-09)
-------------------------------------------------------------------------------------------------------------
 T = 0.000426195, DT = 0.000106045, NI = 2, LI = 4, RES = 1.2e-15 (3.0e-07), CFL=0.000 (ELAPSED 00:00:03 )
-------------------------------------------------------------------------------------------------------------
	 #1 (1.9450e-08, 2.2207e+00): lin 2 (5.4e-09)
	 #2 (8.3865e-14, 9.2906e-01): lin 2 (8.4e-09)
-------------------------------------------------------------------------------------------------------------
 T = 0.000564053, DT = 0.000137858, NI = 2, LI = 4, RES = 1.3e-15 (3.8e-07), CFL=0.000 (ELAPSED 00:00:04 )
-------------------------------------------------------------------------------------------------------------
	 #1 (2.4860e-08, 2.1957e+00): lin 2 (2.7e-08)
	 #2 (1.3337e-13, 9.9990e-01): lin 2 (1.2e-08)
-------------------------------------------------------------------------------------------------------------
 T = 0.00074327, DT = 0.000179216, NI = 2, LI = 4, RES = 1.3e-15 (4.9e-07), CFL=0.000 (ELAPSED 00:00:04 )
-------------------------------------------------------------------------------------------------------------
	 #1 (3.1626e-08, 2.1244e+00): lin 3 (1.1e-08)
	 #2 (2.0912e-13, 1.8124e+00): lin 3 (2.9e-10)
-------------------------------------------------------------------------------------------------------------
 T = 0.00097625, DT = 0.000232981, NI = 2, LI = 6, RES = 1.4e-15 (5.0e-07), CFL=0.000 (ELAPSED 00:00:04 )
-------------------------------------------------------------------------------------------------------------
	 #1 (4.0003e-08, 2.0100e+00): lin 3 (7.9e-08)
	 #2 (3.2131e-13, 2.0524e+00): lin 3 (4.4e-09)
-------------------------------------------------------------------------------------------------------------
 T = 0.00127913, DT = 0.000302875, NI = 2, LI = 6, RES = 1.4e-15 (7.6e-07), CFL=0.000 (ELAPSED 00:00:05 )
-------------------------------------------------------------------------------------------------------------
	 #1 (5.0249e-08, 1.8579e+00): lin 2 (7.8e-07)
	 #2 (4.7534e-13, 2.1629e+00): lin 2 (1.6e-07)
-------------------------------------------------------------------------------------------------------------
 T = 0.00167286, DT = 0.000393738, NI = 2, LI = 4, RES = 1.6e-15 (8.7e-07), CFL=0.000 (ELAPSED 00:00:06 )
-------------------------------------------------------------------------------------------------------------
	 #1 (6.2601e-08, 1.6756e+00): lin 4 (8.8e-07)
	 #2 (6.9761e-13, 2.9150e+00): lin 4 (7.9e-08)
-------------------------------------------------------------------------------------------------------------
 T = 0.00218472, DT = 0.000511859, NI = 2, LI = 8, RES = 1.9e-15 (1.2e-06), CFL=0.000 (ELAPSED 00:00:07 )
-------------------------------------------------------------------------------------------------------------
	 #1 (7.7255e-08, 1.4746e+00): lin 3 (7.7e-07)
	 #2 (9.5496e-13, 1.3356e+00): lin 3 (6.9e-08)
-------------------------------------------------------------------------------------------------------------
 T = 0.00285014, DT = 0.000665417, NI = 2, LI = 6, RES = 2.2e-15 (2.0e-06), CFL=0.000 (ELAPSED 00:00:07 )
-------------------------------------------------------------------------------------------------------------
	 #1 (9.4359e-08, 1.2694e+00): lin 3 (3.8e-06)
	 #2 (1.3003e-12, 2.7809e+00): lin 3 (7.1e-07)
-------------------------------------------------------------------------------------------------------------
 T = 0.00371518, DT = 0.000865042, NI = 2, LI = 6, RES = 2.7e-15 (3.1e-06), CFL=0.000 (ELAPSED 00:00:08 )
-------------------------------------------------------------------------------------------------------------
	 #1 (1.1405e-07, 1.0667e+00): lin 3 (4.9e-06)
	 #2 (1.7789e-12, 4.8467e+00): lin 3 (1.9e-06)
-------------------------------------------------------------------------------------------------------------
 T = 0.00483973, DT = 0.00112455, NI = 2, LI = 6, RES = 3.4e-15 (6.2e-06), CFL=0.000 (ELAPSED 00:00:08 )
-------------------------------------------------------------------------------------------------------------
	 #1 (1.3656e-07, 8.6377e-01): lin 3 (2.9e-08)
-------------------------------------------------------------------------------------------------------------
 T = 0.00630165, DT = 0.00146192, NI = 1, LI = 3, RES = 2.0e-12 (9.3e-02), CFL=0.000 (ELAPSED 00:00:08 )
-------------------------------------------------------------------------------------------------------------
	 #1 (1.6241e-07, 6.7024e-01): lin 3 (2.6e-08)
-------------------------------------------------------------------------------------------------------------
 T = 0.00820215, DT = 0.0019005, NI = 1, LI = 3, RES = 2.2e-12 (1.2e-02), CFL=0.000 (ELAPSED 00:00:08 )
-------------------------------------------------------------------------------------------------------------
	 #1 (1.4024e-07, 3.2714e-01): lin 3 (2.4e-08)
-------------------------------------------------------------------------------------------------------------
 T = 0.01, DT = 0.00179785, NI = 1, LI = 3, RES = 1.3e-12 (5.0e-03), CFL=0.000 (ELAPSED 00:00:08 )
-------------------------------------------------------------------------------------------------------------
	 #1 (1.7983e-07, 2.8818e-01): lin 4 (2.5e-08)
-------------------------------------------------------------------------------------------------------------
 T = 0.0124706, DT = 0.00247065, NI = 1, LI = 4, RES = 1.6e-12 (5.3e-03), CFL=0.000 (ELAPSED 00:00:09 )
-------------------------------------------------------------------------------------------------------------
	 #1 (2.1790e-07, 2.1019e-01): lin 4 (5.7e-08)
-------------------------------------------------------------------------------------------------------------
 T = 0.0156825, DT = 0.00321184, NI = 1, LI = 4, RES = 1.7e-12 (4.9e-03), CFL=0.000 (ELAPSED 00:00:09 )
-------------------------------------------------------------------------------------------------------------
	 #1 (2.6571e-07, 1.4846e-01): lin 3 (5.4e-07)
-------------------------------------------------------------------------------------------------------------
 T = 0.0198579, DT = 0.00417539, NI = 1, LI = 3, RES = 1.5e-12 (9.7e-02), CFL=0.000 (ELAPSED 00:00:09 )
-------------------------------------------------------------------------------------------------------------
	 #1 (8.5553e-09, 4.2706e-03): lin 2 (9.8e-11)
-------------------------------------------------------------------------------------------------------------
 T = 0.02, DT = 0.000142125, NI = 1, LI = 2, RES = 2.1e-15 (4.6e-07), CFL=0.000 (ELAPSED 00:00:09 )
-------------------------------------------------------------------------------------------------------------
