well_head_depth_pressure =  175.96349999999998
The string 'wbhp' is found as control!
Walltime = 0.0 Simulated time = 0.0
# 1 	T = 1e-05	DT = 1e-05	NI = 5	LI=7
Walltime = 0.3450014591217041 Simulated time = 1e-05
# 2 	T = 2.3e-05	DT = 1.3e-05	NI = 1	LI=2
Walltime = 0.4119999408721924 Simulated time = 2.3000000000000003e-05
# 3 	T = 3.99e-05	DT = 1.69e-05	NI = 1	LI=2
Walltime = 0.4960000514984131 Simulated time = 3.990000000000001e-05
# 4 	T = 6.187e-05	DT = 2.197e-05	NI = 1	LI=2
Walltime = 0.5719995498657227 Simulated time = 6.187e-05
# 5 	T = 9.0431e-05	DT = 2.8561e-05	NI = 2	LI=3
Walltime = 0.6930005550384521 Simulated time = 9.0431e-05
# 6 	T = 0.00012756	DT = 3.71293e-05	NI = 2	LI=4
Walltime = 0.8189997673034668 Simulated time = 0.0001275603
# 7 	T = 0.000175828	DT = 4.82681e-05	NI = 2	LI=4
Walltime = 0.939000129699707 Simulated time = 0.00017582839
# 8 	T = 0.000238577	DT = 6.27485e-05	NI = 1	LI=2
Walltime = 1.011000394821167 Simulated time = 0.000238576907
# 9 	T = 0.00032015	DT = 8.15731e-05	NI = 2	LI=4
Walltime = 1.150003433227539 Simulated time = 0.0003201499791
# 10 	T = 0.000426195	DT = 0.000106045	NI = 2	LI=4
Walltime = 1.2750840187072754 Simulated time = 0.00042619497283
# 11 	T = 0.000564053	DT = 0.000137858	NI = 2	LI=4
Walltime = 1.3940842151641846 Simulated time = 0.000564053464679
# 12 	T = 0.00074327	DT = 0.000179216	NI = 2	LI=4
Walltime = 1.512084722518921 Simulated time = 0.0007432695040827001
# 13 	T = 0.00097625	DT = 0.000232981	NI = 2	LI=6
Walltime = 1.6440856456756592 Simulated time = 0.0009762503553075102
# 14 	T = 0.00127913	DT = 0.000302875	NI = 2	LI=6
Walltime = 1.770085334777832 Simulated time = 0.0012791254618997633
# 15 	T = 0.00167286	DT = 0.000393738	NI = 2	LI=4
Walltime = 1.9050841331481934 Simulated time = 0.0016728631004696924
# 16 	T = 0.00218472	DT = 0.000511859	NI = 2	LI=8
Walltime = 2.0440845489501953 Simulated time = 0.0021847220306106
# 17 	T = 0.00285014	DT = 0.000665417	NI = 2	LI=6
Walltime = 2.1910839080810547 Simulated time = 0.0028501386397937803
# 18 	T = 0.00371518	DT = 0.000865042	NI = 2	LI=6
Walltime = 2.3390841484069824 Simulated time = 0.0037151802317319147
# 19 	T = 0.00483973	DT = 0.00112455	NI = 2	LI=6
Walltime = 2.501084566116333 Simulated time = 0.004839734301251489
# 20 	T = 0.00630165	DT = 0.00146192	NI = 1	LI=3
Walltime = 2.589085340499878 Simulated time = 0.006301654591626936
# 21 	T = 0.00820215	DT = 0.0019005	NI = 1	LI=3
Walltime = 2.678084373474121 Simulated time = 0.008202150969115017
# 22 	T = 0.0106728	DT = 0.00247065	NI = 1	LI=4
Walltime = 2.7850840091705322 Simulated time = 0.010672796259849522
# 23 	T = 0.0138846	DT = 0.00321184	NI = 1	LI=4
Walltime = 2.8730854988098145 Simulated time = 0.013884635137804378
# 24 	T = 0.01806	DT = 0.00417539	NI = 1	LI=3
Walltime = 2.9610843658447266 Simulated time = 0.01806002567914569
# 25 	T = 0.023488	DT = 0.00542801	NI = 1	LI=3
Walltime = 3.0490851402282715 Simulated time = 0.0234880333828894
# 26 	T = 0.0305444	DT = 0.00705641	NI = 1	LI=3
Walltime = 3.1320877075195312 Simulated time = 0.03054444339775622
Stationary point detected!
Cut timestep to 0.0070564100
Walltime = 3.840087652206421 Simulated time = 0.03054444339775622
Stationary point detected!
Cut timestep to 0.0054280077
Walltime = 4.390084981918335 Simulated time = 0.03054444339775622
# 27 	T = 0.0359725	DT = 0.00542801	NI = 7	LI=17
Walltime = 4.851086854934692 Simulated time = 0.03597245110149993
# 28 	T = 0.0430289	DT = 0.00705641	NI = 3	LI=8
Walltime = 5.072085857391357 Simulated time = 0.04302886111636675
Cut timestep to 0.0070564100
Walltime = 6.528153896331787 Simulated time = 0.04302886111636675
Cut timestep to 0.0054280077
Walltime = 7.9601545333862305 Simulated time = 0.04302886111636675
Cut timestep to 0.0041753905
Walltime = 9.309155464172363 Simulated time = 0.04302886111636675
Cut timestep to 0.0032118389
Walltime = 10.574154138565063 Simulated time = 0.04302886111636675
Cut timestep to 0.0024706453
Walltime = 11.939156293869019 Simulated time = 0.04302886111636675
# 29 	T = 0.0454995	DT = 0.00247065	NI = 6	LI=20
Walltime = 12.378154754638672 Simulated time = 0.04549950640710126
Cut timestep to 0.0024706453
Walltime = 13.93524432182312 Simulated time = 0.04549950640710126
Cut timestep to 0.0019004964
Walltime = 15.409244298934937 Simulated time = 0.04549950640710126
Cut timestep to 0.0014619203
Walltime = 16.71924376487732 Simulated time = 0.04549950640710126
Cut timestep to 0.0011245541
Walltime = 18.010243892669678 Simulated time = 0.04549950640710126
Cut timestep to 0.0008650416
Walltime = 19.375244617462158 Simulated time = 0.04549950640710126
Cut timestep to 0.0006654166
Walltime = 20.66624402999878 Simulated time = 0.04549950640710126
Stationary point detected!
Cut timestep to 0.0005118589
Walltime = 21.742243766784668 Simulated time = 0.04549950640710126
Stationary point detected!
Cut timestep to 0.0003937376
Walltime = 22.63124394416809 Simulated time = 0.04549950640710126
Stationary point detected!
Cut timestep to 0.0003028751
Walltime = 23.319243907928467 Simulated time = 0.04549950640710126
Stationary point detected!
Cut timestep to 0.0002329809
Walltime = 24.018244743347168 Simulated time = 0.04549950640710126
Stationary point detected!
Cut timestep to 0.0001792160
Walltime = 24.609243631362915 Simulated time = 0.04549950640710126
Stationary point detected!
Cut timestep to 0.0001378585
Walltime = 25.115244150161743 Simulated time = 0.04549950640710126
Stationary point detected!
Cut timestep to 0.0001060450
Walltime = 25.563243627548218 Simulated time = 0.04549950640710126
Stationary point detected!
Cut timestep to 0.0000815731
Walltime = 26.03724455833435 Simulated time = 0.04549950640710126
Stationary point detected!
Cut timestep to 0.0000627485
Walltime = 26.562243461608887 Simulated time = 0.04549950640710126
Stationary point detected!
Cut timestep to 0.0000482681
Walltime = 27.11624312400818 Simulated time = 0.04549950640710126
# 30 	T = 0.0455478	DT = 4.82681e-05	NI = 2	LI=3
Walltime = 27.236244916915894 Simulated time = 0.045547774497101255
# 31 	T = 0.0456105	DT = 6.27485e-05	NI = 1	LI=1
Walltime = 27.30424404144287 Simulated time = 0.045610523014101255
Stationary point detected!
Cut timestep to 0.0000627485
Walltime = 28.0362446308136 Simulated time = 0.045610523014101255
Stationary point detected!
Cut timestep to 0.0000482681
Walltime = 28.776243686676025 Simulated time = 0.045610523014101255
# 32 	T = 0.0456588	DT = 4.82681e-05	NI = 1	LI=1
Walltime = 28.843244075775146 Simulated time = 0.04565879110410125
# 33 	T = 0.0457215	DT = 6.27485e-05	NI = 1	LI=1
Walltime = 28.911243677139282 Simulated time = 0.04572153962110125
Stationary point detected!
Cut timestep to 0.0000627485
Walltime = 29.61224389076233 Simulated time = 0.04572153962110125
Stationary point detected!
Cut timestep to 0.0000482681
Walltime = 30.310243606567383 Simulated time = 0.04572153962110125
# 34 	T = 0.0457698	DT = 4.82681e-05	NI = 1	LI=1
Walltime = 30.376243352890015 Simulated time = 0.04576980771110125
# 35 	T = 0.0458326	DT = 6.27485e-05	NI = 1	LI=1
Walltime = 30.444244623184204 Simulated time = 0.04583255622810125
Stationary point detected!
Cut timestep to 0.0000627485
Walltime = 31.167243719100952 Simulated time = 0.04583255622810125
Stationary point detected!
Cut timestep to 0.0000482681
Walltime = 31.873244047164917 Simulated time = 0.04583255622810125
# 36 	T = 0.0458808	DT = 4.82681e-05	NI = 1	LI=1
Walltime = 31.941243648529053 Simulated time = 0.04588082431810125
# 37 	T = 0.0459436	DT = 6.27485e-05	NI = 1	LI=1
Walltime = 32.00824475288391 Simulated time = 0.04594357283510125
Stationary point detected!
Cut timestep to 0.0000627485
Walltime = 32.729243516922 Simulated time = 0.04594357283510125
Stationary point detected!
Cut timestep to 0.0000482681
Walltime = 33.44824409484863 Simulated time = 0.04594357283510125
# 38 	T = 0.0459918	DT = 4.82681e-05	NI = 2	LI=3
Walltime = 33.56124401092529 Simulated time = 0.045991840925101245
# 39 	T = 0.0460546	DT = 6.27485e-05	NI = 1	LI=1
Walltime = 33.62824463844299 Simulated time = 0.046054589442101244
# 40 	T = 0.0461362	DT = 8.15731e-05	NI = 1	LI=1
Walltime = 33.71424436569214 Simulated time = 0.046136162514201245
# 41 	T = 0.0462422	DT = 0.000106045	NI = 1	LI=1
Walltime = 33.789244174957275 Simulated time = 0.046242207507931246
# 42 	T = 0.0463801	DT = 0.000137858	NI = 1	LI=2
Walltime = 33.866329193115234 Simulated time = 0.04638006599978024
# 43 	T = 0.0465593	DT = 0.000179216	NI = 1	LI=1
Walltime = 33.94133019447327 Simulated time = 0.04655928203918394
# 44 	T = 0.0467923	DT = 0.000232981	NI = 1	LI=2
Walltime = 34.026328563690186 Simulated time = 0.04679226289040875
# 45 	T = 0.0470951	DT = 0.000302875	NI = 1	LI=2
Walltime = 34.100329875946045 Simulated time = 0.047095137997001
# 46 	T = 0.0474889	DT = 0.000393738	NI = 1	LI=2
Walltime = 34.18932819366455 Simulated time = 0.04748887563557093
# 47 	T = 0.0480007	DT = 0.000511859	NI = 1	LI=3
Walltime = 34.28032875061035 Simulated time = 0.048000734565711835
# 48 	T = 0.0486662	DT = 0.000665417	NI = 1	LI=2
Walltime = 34.35632944107056 Simulated time = 0.04866615117489501
# 49 	T = 0.0495312	DT = 0.000865042	NI = 1	LI=3
Walltime = 34.4643292427063 Simulated time = 0.04953119276683315
# 50 	T = 0.0506557	DT = 0.00112455	NI = 2	LI=6
Walltime = 34.6233286857605 Simulated time = 0.050655746836352725
# 51 	T = 0.0521177	DT = 0.00146192	NI = 2	LI=4
Walltime = 34.79132890701294 Simulated time = 0.05211766712672817
# 52 	T = 0.0540182	DT = 0.0019005	NI = 2	LI=4
Walltime = 34.940330266952515 Simulated time = 0.05401816350421625
# 53 	T = 0.0564888	DT = 0.00247065	NI = 2	LI=6
Walltime = 35.11232876777649 Simulated time = 0.05648880879495076
# 54 	T = 0.0597006	DT = 0.00321184	NI = 2	LI=7
Walltime = 35.27432870864868 Simulated time = 0.059700647672905616
# 55 	T = 0.063876	DT = 0.00417539	NI = 2	LI=6
Walltime = 35.44632863998413 Simulated time = 0.06387603821424694
# 56 	T = 0.069304	DT = 0.00542801	NI = 3	LI=9
Walltime = 35.681329011917114 Simulated time = 0.06930404591799065
# 57 	T = 0.0763605	DT = 0.00705641	NI = 3	LI=9
Walltime = 35.93432879447937 Simulated time = 0.07636045593285747
# 58 	T = 0.0855338	DT = 0.00917333	NI = 3	LI=9
Walltime = 36.1823296546936 Simulated time = 0.08553378895218433
# 59 	T = 0.0974591	DT = 0.0119253	NI = 4	LI=15
Walltime = 36.57232880592346 Simulated time = 0.09745912187730926
Cut timestep to 0.0119253329
Walltime = 38.13632798194885 Simulated time = 0.09745912187730926
Cut timestep to 0.0091733330
Walltime = 39.71332859992981 Simulated time = 0.09745912187730926
Cut timestep to 0.0070564100
Walltime = 41.24932861328125 Simulated time = 0.09745912187730926
Stationary point detected!
Cut timestep to 0.0054280077
Walltime = 41.6153290271759 Simulated time = 0.09745912187730926
# 60 	T = 0.102887	DT = 0.00542801	NI = 3	LI=10
Walltime = 41.84532976150513 Simulated time = 0.10288712958105298
Cut timestep to 0.0054280077
Walltime = 43.29132890701294 Simulated time = 0.10288712958105298
Cut timestep to 0.0041753905
Walltime = 44.70832896232605 Simulated time = 0.10288712958105298
Cut timestep to 0.0032118389
Walltime = 46.164328813552856 Simulated time = 0.10288712958105298
Cut timestep to 0.0024706453
Walltime = 47.69333100318909 Simulated time = 0.10288712958105298
Stationary point detected!
Cut timestep to 0.0019004964
Walltime = 48.079328298568726 Simulated time = 0.10288712958105298
# 61 	T = 0.104788	DT = 0.0019005	NI = 3	LI=8
Walltime = 48.290329933166504 Simulated time = 0.10478762595854106
Cut timestep to 0.0019004964
Walltime = 49.71332883834839 Simulated time = 0.10478762595854106
Cut timestep to 0.0014619203
Walltime = 50.90132999420166 Simulated time = 0.10478762595854106
Cut timestep to 0.0011245541
Walltime = 52.01932954788208 Simulated time = 0.10478762595854106
Cut timestep to 0.0008650416
Walltime = 53.236329078674316 Simulated time = 0.10478762595854106
Cut timestep to 0.0006654166
Walltime = 54.54944944381714 Simulated time = 0.10478762595854106
# 62 	T = 0.105453	DT = 0.000665417	NI = 4	LI=11
Walltime = 54.7744505405426 Simulated time = 0.10545304256772424
Cut timestep to 0.0006654166
Walltime = 55.97145223617554 Simulated time = 0.10545304256772424
Stationary point detected!
Cut timestep to 0.0005118589
Walltime = 56.78452754020691 Simulated time = 0.10545304256772424
Stationary point detected!
Cut timestep to 0.0003937376
Walltime = 57.78552842140198 Simulated time = 0.10545304256772424
Stationary point detected!
Cut timestep to 0.0003028751
Walltime = 58.53652834892273 Simulated time = 0.10545304256772424
Stationary point detected!
Cut timestep to 0.0002329809
Walltime = 59.510528326034546 Simulated time = 0.10545304256772424
Cut timestep to 0.0001792160
Walltime = 60.54652738571167 Simulated time = 0.10545304256772424
Stationary point detected!
Cut timestep to 0.0001378585
Walltime = 61.06552767753601 Simulated time = 0.10545304256772424
# 63 	T = 0.105591	DT = 0.000137858	NI = 7	LI=17
Walltime = 61.448530435562134 Simulated time = 0.10559090105957324
# 64 	T = 0.10577	DT = 0.000179216	NI = 6	LI=9
Walltime = 61.73652720451355 Simulated time = 0.10577011709897693
# 65 	T = 0.106003	DT = 0.000232981	NI = 2	LI=5
Walltime = 61.845526695251465 Simulated time = 0.10600309795020174
# 66 	T = 0.106306	DT = 0.000302875	NI = 2	LI=5
Walltime = 61.96952819824219 Simulated time = 0.106305973056794
# 67 	T = 0.1067	DT = 0.000393738	NI = 1	LI=2
Walltime = 62.0375280380249 Simulated time = 0.10669971069536392
# 68 	T = 0.107212	DT = 0.000511859	NI = 1	LI=3
Walltime = 62.102527379989624 Simulated time = 0.10721156962550484
# 69 	T = 0.107877	DT = 0.000665417	NI = 1	LI=2
Walltime = 62.186532735824585 Simulated time = 0.10787698623468801
# 70 	T = 0.108742	DT = 0.000865042	NI = 1	LI=3
Walltime = 62.26552748680115 Simulated time = 0.10874202782662615
# 71 	T = 0.109867	DT = 0.00112455	NI = 1	LI=3
Walltime = 62.34452748298645 Simulated time = 0.10986658189614572
# 72 	T = 0.111329	DT = 0.00146192	NI = 1	LI=2
Walltime = 62.42252826690674 Simulated time = 0.11132850218652117
# 73 	T = 0.113229	DT = 0.0019005	NI = 2	LI=4
Walltime = 62.54752707481384 Simulated time = 0.11322899856400925
# 74 	T = 0.1157	DT = 0.00247065	NI = 2	LI=6
Walltime = 62.680530071258545 Simulated time = 0.11569964385474375
# 75 	T = 0.118911	DT = 0.00321184	NI = 2	LI=7
Walltime = 62.81852722167969 Simulated time = 0.11891148273269861
# 76 	T = 0.123087	DT = 0.00417539	NI = 2	LI=6
Walltime = 62.978527545928955 Simulated time = 0.12308687327403993
# 77 	T = 0.128515	DT = 0.00542801	NI = 2	LI=6
Walltime = 63.13652753829956 Simulated time = 0.12851488097778363
# 78 	T = 0.135571	DT = 0.00705641	NI = 2	LI=6
Walltime = 63.28652787208557 Simulated time = 0.13557129099265045
# 79 	T = 0.144745	DT = 0.00917333	NI = 2	LI=6
Walltime = 63.43252730369568 Simulated time = 0.14474462401197732
# 80 	T = 0.15667	DT = 0.0119253	NI = 2	LI=6
Walltime = 63.59652781486511 Simulated time = 0.15666995693710226
Cut timestep to 0.0119253329
Walltime = 64.96252775192261 Simulated time = 0.15666995693710226
Stationary point detected!
Cut timestep to 0.0091733330
Walltime = 65.65352773666382 Simulated time = 0.15666995693710226
# 81 	T = 0.165843	DT = 0.00917333	NI = 2	LI=6
Walltime = 65.78352880477905 Simulated time = 0.16584328995642914
Cut timestep to 0.0091733330
Walltime = 66.99352765083313 Simulated time = 0.16584328995642914
Cut timestep to 0.0070564100
Walltime = 68.24252891540527 Simulated time = 0.16584328995642914
Cut timestep to 0.0054280077
Walltime = 69.48252701759338 Simulated time = 0.16584328995642914
Cut timestep to 0.0041753905
Walltime = 70.75752782821655 Simulated time = 0.16584328995642914
# 82 	T = 0.170019	DT = 0.00417539	NI = 19	LI=61
Walltime = 71.98252773284912 Simulated time = 0.17001868049777044
# 83 	T = 0.175447	DT = 0.00542801	NI = 2	LI=6
Walltime = 72.12052750587463 Simulated time = 0.17544668820151416
# 84 	T = 0.182503	DT = 0.00705641	NI = 2	LI=6
Walltime = 72.29952764511108 Simulated time = 0.18250309821638097
# 85 	T = 0.191676	DT = 0.00917333	NI = 2	LI=6
Walltime = 72.47052764892578 Simulated time = 0.19167643123570785
# 86 	T = 0.203602	DT = 0.0119253	NI = 3	LI=9
Walltime = 72.70252847671509 Simulated time = 0.20360176416083278
Cut timestep to 0.0119253329
Walltime = 74.12352895736694 Simulated time = 0.20360176416083278
Cut timestep to 0.0091733330
Walltime = 75.40052771568298 Simulated time = 0.20360176416083278
Cut timestep to 0.0070564100
Walltime = 76.6985285282135 Simulated time = 0.20360176416083278
# 87 	T = 0.210658	DT = 0.00705641	NI = 7	LI=25
Walltime = 77.18052864074707 Simulated time = 0.2106581741756996
Cut timestep to 0.0070564100
Walltime = 78.58252716064453 Simulated time = 0.2106581741756996
Cut timestep to 0.0054280077
Walltime = 79.81452798843384 Simulated time = 0.2106581741756996
Cut timestep to 0.0041753905
Walltime = 81.05952763557434 Simulated time = 0.2106581741756996
Cut timestep to 0.0032118389
Walltime = 82.33852887153625 Simulated time = 0.2106581741756996
Cut timestep to 0.0024706453
Walltime = 83.5435266494751 Simulated time = 0.2106581741756996
Cut timestep to 0.0019004964
Walltime = 84.83852791786194 Simulated time = 0.2106581741756996
# 88 	T = 0.212559	DT = 0.0019005	NI = 18	LI=38
Walltime = 85.88363647460938 Simulated time = 0.21255867055318767
Cut timestep to 0.0019004964
Walltime = 87.01363635063171 Simulated time = 0.21255867055318767
Cut timestep to 0.0014619203
Walltime = 88.02863693237305 Simulated time = 0.21255867055318767
Cut timestep to 0.0011245541
Walltime = 89.02863907814026 Simulated time = 0.21255867055318767
# 89 	T = 0.213683	DT = 0.00112455	NI = 8	LI=25
Walltime = 89.49463653564453 Simulated time = 0.21368322462270725
# 90 	T = 0.215145	DT = 0.00146192	NI = 2	LI=4
Walltime = 89.62663674354553 Simulated time = 0.2151451449130827
# 91 	T = 0.217046	DT = 0.0019005	NI = 2	LI=4
Walltime = 89.7666368484497 Simulated time = 0.21704564129057077
# 92 	T = 0.219516	DT = 0.00247065	NI = 2	LI=6
Walltime = 89.91063666343689 Simulated time = 0.2195162865813053
# 93 	T = 0.222728	DT = 0.00321184	NI = 2	LI=5
Walltime = 90.06464076042175 Simulated time = 0.22272812545926016
# 94 	T = 0.226904	DT = 0.00417539	NI = 3	LI=9
Walltime = 90.27363801002502 Simulated time = 0.22690351600060146
# 95 	T = 0.232332	DT = 0.00542801	NI = 3	LI=7
Walltime = 90.50363612174988 Simulated time = 0.23233152370434518
# 96 	T = 0.239388	DT = 0.00705641	NI = 2	LI=5
Walltime = 90.66163682937622 Simulated time = 0.239387933719212
# 97 	T = 0.248561	DT = 0.00917333	NI = 2	LI=6
Walltime = 90.83863615989685 Simulated time = 0.24856126673853887
# 98 	T = 0.260487	DT = 0.0119253	NI = 2	LI=6
Walltime = 91.00863552093506 Simulated time = 0.2604865996636638
# 99 	T = 0.27599	DT = 0.0155029	NI = 3	LI=12
Walltime = 91.23563599586487 Simulated time = 0.2759895324663262
# 100 	T = 0.296143	DT = 0.0201538	NI = 3	LI=11
Walltime = 91.46663618087769 Simulated time = 0.2961433451097873
Cut timestep to 0.0201538126
Walltime = 92.98163557052612 Simulated time = 0.2961433451097873
Cut timestep to 0.0155029328
Walltime = 94.80363607406616 Simulated time = 0.2961433451097873
Stationary point detected!
Cut timestep to 0.0119253329
Walltime = 95.34263706207275 Simulated time = 0.2961433451097873
# 101 	T = 0.308069	DT = 0.0119253	NI = 4	LI=15
Walltime = 95.62563705444336 Simulated time = 0.3080686780349122
Cut timestep to 0.0119253329
Walltime = 96.99263644218445 Simulated time = 0.3080686780349122
Cut timestep to 0.0091733330
Walltime = 98.69463682174683 Simulated time = 0.3080686780349122
Stationary point detected!
Cut timestep to 0.0070564100
Walltime = 99.20663595199585 Simulated time = 0.3080686780349122
Stationary point detected!
Cut timestep to 0.0054280077
Walltime = 99.72463583946228 Simulated time = 0.3080686780349122
Stationary point detected!
Cut timestep to 0.0041753905
Walltime = 100.18063712120056 Simulated time = 0.3080686780349122
# 102 	T = 0.312244	DT = 0.00417539	NI = 4	LI=14
Walltime = 100.4356369972229 Simulated time = 0.31224406857625353
Cut timestep to 0.0041753905
Walltime = 101.6787416934967 Simulated time = 0.31224406857625353
Cut timestep to 0.0032118389
Walltime = 102.99174237251282 Simulated time = 0.31224406857625353
Cut timestep to 0.0024706453
Walltime = 104.35474157333374 Simulated time = 0.31224406857625353
Cut timestep to 0.0019004964
Walltime = 105.56374263763428 Simulated time = 0.31224406857625353
Cut timestep to 0.0014619203
Walltime = 106.65374112129211 Simulated time = 0.31224406857625353
Cut timestep to 0.0011245541
Walltime = 107.74974155426025 Simulated time = 0.31224406857625353
Cut timestep to 0.0008650416
Walltime = 108.90274143218994 Simulated time = 0.31224406857625353
# 103 	T = 0.313109	DT = 0.000865042	NI = 4	LI=15
Walltime = 109.15974283218384 Simulated time = 0.31310911016819165
# 104 	T = 0.314234	DT = 0.00112455	NI = 5	LI=19
Walltime = 109.47574162483215 Simulated time = 0.3142336642377112
# 105 	T = 0.315696	DT = 0.00146192	NI = 2	LI=5
Walltime = 109.59974217414856 Simulated time = 0.31569558452808666
# 106 	T = 0.317596	DT = 0.0019005	NI = 2	LI=5
Walltime = 109.73874163627625 Simulated time = 0.31759608090557473
# 107 	T = 0.320067	DT = 0.00247065	NI = 2	LI=6
Walltime = 109.86874198913574 Simulated time = 0.3200667261963092
# 108 	T = 0.323279	DT = 0.00321184	NI = 2	LI=7
Walltime = 110.00774192810059 Simulated time = 0.32327856507426406
# 109 	T = 0.327454	DT = 0.00417539	NI = 2	LI=6
Walltime = 110.13974475860596 Simulated time = 0.32745395561560536
# 110 	T = 0.332882	DT = 0.00542801	NI = 2	LI=6
Walltime = 110.27974200248718 Simulated time = 0.33288196331934905
# 111 	T = 0.339938	DT = 0.00705641	NI = 2	LI=6
Walltime = 110.41974210739136 Simulated time = 0.3399383733342159
# 112 	T = 0.349112	DT = 0.00917333	NI = 1	LI=3
Walltime = 110.50674319267273 Simulated time = 0.3491117063535428
# 113 	T = 0.361037	DT = 0.0119253	NI = 2	LI=6
Walltime = 110.64374136924744 Simulated time = 0.3610370392786677
# 114 	T = 0.37654	DT = 0.0155029	NI = 2	LI=7
Walltime = 110.79374170303345 Simulated time = 0.3765399720813301
# 115 	T = 0.396694	DT = 0.0201538	NI = 2	LI=8
Walltime = 110.93874263763428 Simulated time = 0.3966937847247912
# 116 	T = 0.422894	DT = 0.0262	NI = 2	LI=7
Walltime = 111.08774161338806 Simulated time = 0.4228937411612907
# 117 	T = 0.456954	DT = 0.0340599	NI = 2	LI=8
Walltime = 111.25074172019958 Simulated time = 0.45695368452874
# 118 	T = 0.501232	DT = 0.0442779	NI = 2	LI=8
Walltime = 111.43274140357971 Simulated time = 0.5012316109064241
# 119 	T = 0.558793	DT = 0.0575613	NI = 2	LI=8
Walltime = 111.61174249649048 Simulated time = 0.5587929151974135
# 120 	T = 0.633623	DT = 0.0748297	NI = 2	LI=8
Walltime = 111.81274104118347 Simulated time = 0.6336226107756996
# 121 	T = 0.730901	DT = 0.0972786	NI = 2	LI=8
Walltime = 111.9927408695221 Simulated time = 0.7309012150274716
# 122 	T = 0.857363	DT = 0.126462	NI = 4	LI=19
Walltime = 112.39274168014526 Simulated time = 0.8573634005547752
# 123 	T = 1.02176	DT = 0.164401	NI = 4	LI=20
Walltime = 112.74574136734009 Simulated time = 1.02176424174027
# 124 	T = 1.23549	DT = 0.213721	NI = 4	LI=20
Walltime = 113.1087417602539 Simulated time = 1.235485335281413
Cut timestep to 0.2137210935
Walltime = 121.30115103721619 Simulated time = 1.235485335281413
Stationary point detected!
Cut timestep to 0.1644008412
Walltime = 122.0201506614685 Simulated time = 1.235485335281413
Stationary point detected!
Cut timestep to 0.1264621855
Walltime = 122.47715163230896 Simulated time = 1.235485335281413
Cut timestep to 0.0972786043
Walltime = 124.04415106773376 Simulated time = 1.235485335281413
Stationary point detected!
Cut timestep to 0.0748296956
Walltime = 124.81715083122253 Simulated time = 1.235485335281413
Stationary point detected!
Cut timestep to 0.0575613043
Walltime = 125.71615076065063 Simulated time = 1.235485335281413
Stationary point detected!
Cut timestep to 0.0442779264
Walltime = 126.33815026283264 Simulated time = 1.235485335281413
Stationary point detected!
Cut timestep to 0.0340599434
Walltime = 126.924152135849 Simulated time = 1.235485335281413
Stationary point detected!
Cut timestep to 0.0261999564
Walltime = 127.52315092086792 Simulated time = 1.235485335281413
# 125 	T = 1.26169	DT = 0.0262	NI = 2	LI=7
Walltime = 127.67415142059326 Simulated time = 1.2616852917179124
Stationary point detected!
Cut timestep to 0.0261999564
Walltime = 128.2822608947754 Simulated time = 1.2616852917179124
Stationary point detected!
Cut timestep to 0.0201538126
Walltime = 128.84626078605652 Simulated time = 1.2616852917179124
Stationary point detected!
Cut timestep to 0.0155029328
Walltime = 129.44826078414917 Simulated time = 1.2616852917179124
Stationary point detected!
Cut timestep to 0.0119253329
Walltime = 130.01326155662537 Simulated time = 1.2616852917179124
Stationary point detected!
Cut timestep to 0.0091733330
Walltime = 130.58526015281677 Simulated time = 1.2616852917179124
Stationary point detected!
Cut timestep to 0.0070564100
Walltime = 131.15025997161865 Simulated time = 1.2616852917179124
# 126 	T = 1.26874	DT = 0.00705641	NI = 5	LI=19
Walltime = 131.52626037597656 Simulated time = 1.2687417017327793
# 127 	T = 1.27792	DT = 0.00917333	NI = 5	LI=18
Walltime = 131.88226079940796 Simulated time = 1.2779150347521062
# 128 	T = 1.28984	DT = 0.0119253	NI = 5	LI=18
Walltime = 132.27226090431213 Simulated time = 1.2898403676772312
Stationary point detected!
Cut timestep to 0.0119253329
Walltime = 132.84426021575928 Simulated time = 1.2898403676772312
Stationary point detected!
Cut timestep to 0.0091733330
Walltime = 133.41426062583923 Simulated time = 1.2898403676772312
Stationary point detected!
Cut timestep to 0.0070564100
Walltime = 134.04326033592224 Simulated time = 1.2898403676772312
Stationary point detected!
Cut timestep to 0.0054280077
Walltime = 134.6892602443695 Simulated time = 1.2898403676772312
Stationary point detected!
Cut timestep to 0.0041753905
Walltime = 135.2302598953247 Simulated time = 1.2898403676772312
Stationary point detected!
Cut timestep to 0.0032118389
Walltime = 135.79826045036316 Simulated time = 1.2898403676772312
Stationary point detected!
Cut timestep to 0.0024706453
Walltime = 136.3982605934143 Simulated time = 1.2898403676772312
Stationary point detected!
Cut timestep to 0.0019004964
Walltime = 137.02126049995422 Simulated time = 1.2898403676772312
Stationary point detected!
Cut timestep to 0.0014619203
Walltime = 137.60026049613953 Simulated time = 1.2898403676772312
Stationary point detected!
Cut timestep to 0.0011245541
Walltime = 138.15826177597046 Simulated time = 1.2898403676772312
Stationary point detected!
Cut timestep to 0.0008650416
Walltime = 138.757262468338 Simulated time = 1.2898403676772312
# 129 	T = 1.29071	DT = 0.000865042	NI = 12	LI=38
Walltime = 139.56526160240173 Simulated time = 1.2907054092691694
# 130 	T = 1.29183	DT = 0.00112455	NI = 1	LI=1
Walltime = 139.64226078987122 Simulated time = 1.291829963338689
# 131 	T = 1.29329	DT = 0.00146192	NI = 1	LI=1
Walltime = 139.72026109695435 Simulated time = 1.2932918836290643
# 132 	T = 1.29519	DT = 0.0019005	NI = 1	LI=2
Walltime = 139.8152620792389 Simulated time = 1.2951923800065523
# 133 	T = 1.29766	DT = 0.00247065	NI = 1	LI=3
Walltime = 139.91226053237915 Simulated time = 1.297663025297287
# 134 	T = 1.30087	DT = 0.00321184	NI = 1	LI=3
Walltime = 140.00426077842712 Simulated time = 1.300874864175242
# 135 	T = 1.30505	DT = 0.00417539	NI = 1	LI=2
Walltime = 140.10426139831543 Simulated time = 1.3050502547165832
# 136 	T = 1.31048	DT = 0.00542801	NI = 1	LI=2
Walltime = 140.187260389328 Simulated time = 1.3104782624203268
# 137 	T = 1.31753	DT = 0.00705641	NI = 1	LI=3
Walltime = 140.2722611427307 Simulated time = 1.3175346724351937
# 138 	T = 1.32671	DT = 0.00917333	NI = 1	LI=3
Walltime = 140.38226008415222 Simulated time = 1.3267080054545206
# 139 	T = 1.33863	DT = 0.0119253	NI = 1	LI=3
Walltime = 140.47326040267944 Simulated time = 1.3386333383796456
# 140 	T = 1.35414	DT = 0.0155029	NI = 2	LI=6
Walltime = 140.6452600955963 Simulated time = 1.354136271182308
# 141 	T = 1.37429	DT = 0.0201538	NI = 2	LI=7
Walltime = 140.82226061820984 Simulated time = 1.374290083825769
# 142 	T = 1.40049	DT = 0.0262	NI = 2	LI=7
Walltime = 141.00226044654846 Simulated time = 1.4004900402622684
# 143 	T = 1.43455	DT = 0.0340599	NI = 2	LI=7
Walltime = 141.16626071929932 Simulated time = 1.4345499836297178
# 144 	T = 1.47883	DT = 0.0442779	NI = 9	LI=42
Walltime = 141.91526055335999 Simulated time = 1.4788279100074018
# 145 	T = 1.53639	DT = 0.0575613	NI = 3	LI=14
Walltime = 142.17426085472107 Simulated time = 1.536389214298391
# 146 	T = 1.61122	DT = 0.0748297	NI = 2	LI=8
Walltime = 142.3652617931366 Simulated time = 1.6112189098766772
# 147 	T = 1.7085	DT = 0.0972786	NI = 2	LI=8
Walltime = 142.55526113510132 Simulated time = 1.708497514128449
# 148 	T = 1.83496	DT = 0.126462	NI = 4	LI=14
Walltime = 142.89426040649414 Simulated time = 1.8349596996557527
Stationary point detected!
Cut timestep to 0.1264621855
Walltime = 144.20925998687744 Simulated time = 1.8349596996557527
# 149 	T = 1.96142	DT = 0.126462	NI = 2	LI=9
Walltime = 144.38926076889038 Simulated time = 1.9614218851830563
Stationary point detected!
Cut timestep to 0.1264621855
Walltime = 145.43326091766357 Simulated time = 1.9614218851830563
# 150 	T = 2.08788	DT = 0.126462	NI = 3	LI=14
Walltime = 145.71926045417786 Simulated time = 2.08788407071036
# 151 	T = 2.25228	DT = 0.164401	NI = 2	LI=9
Walltime = 145.93426132202148 Simulated time = 2.252284911895855
# 152 	T = 2.46601	DT = 0.213721	NI = 3	LI=14
Walltime = 146.23426127433777 Simulated time = 2.466006005436998
# 153 	T = 2.74384	DT = 0.277837	NI = 2	LI=11
Walltime = 146.4752607345581 Simulated time = 2.7438434270404843
# 154 	T = 3.10503	DT = 0.361189	NI = 4	LI=26
Walltime = 146.89136791229248 Simulated time = 3.1050320751250164
# 155 	T = 3.57458	DT = 0.469545	NI = 5	LI=26
Walltime = 147.3453688621521 Simulated time = 3.5745773176349083
# 156 	T = 4.18499	DT = 0.610409	NI = 5	LI=31
Walltime = 147.86136674880981 Simulated time = 4.184986132897768
Cut timestep to 0.6104088153
Walltime = 149.38336849212646 Simulated time = 4.184986132897768
Cut timestep to 0.4695452425
Walltime = 150.92836785316467 Simulated time = 4.184986132897768
Cut timestep to 0.3611886481
Walltime = 152.3303678035736 Simulated time = 4.184986132897768
# 157 	T = 4.54617	DT = 0.361189	NI = 5	LI=27
Walltime = 152.71336770057678 Simulated time = 4.5461747809823
# 158 	T = 5.01572	DT = 0.469545	NI = 4	LI=21
Walltime = 153.0034396648407 Simulated time = 5.015720023492191
# 159 	T = 5.62613	DT = 0.610409	NI = 8	LI=34
Walltime = 153.6214394569397 Simulated time = 5.626128838755051
Stationary point detected!
Cut timestep to 0.6104088153
Walltime = 154.9114396572113 Simulated time = 5.626128838755051
# 160 	T = 6.23654	DT = 0.610409	NI = 11	LI=41
Walltime = 155.60343885421753 Simulated time = 6.23653765401791
# 161 	T = 7.03007	DT = 0.793531	NI = 7	LI=29
Walltime = 156.13543915748596 Simulated time = 7.030069113859627
# 162 	T = 8.06166	DT = 1.03159	NI = 7	LI=26
Walltime = 156.69143962860107 Simulated time = 8.061660011653858
# 163 	T = 9.40273	DT = 1.34107	NI = 4	LI=22
Walltime = 157.12843942642212 Simulated time = 9.40272817878636
# 164 	T = 11.1461	DT = 1.74339	NI = 4	LI=21
Walltime = 157.55843997001648 Simulated time = 11.146116796058612
# 165 	T = 13.4125	DT = 2.26641	NI = 4	LI=22
Walltime = 158.00043988227844 Simulated time = 13.41252199851254
# 166 	T = 16.3588	DT = 2.94633	NI = 5	LI=25
Walltime = 158.52043986320496 Simulated time = 16.358848761702646
Cut timestep to 2.9463267632
Walltime = 160.17443943023682 Simulated time = 16.358848761702646
Cut timestep to 2.2664052025
Walltime = 182.1572847366333 Simulated time = 16.358848761702646
Cut timestep to 1.7433886173
Walltime = 183.64528369903564 Simulated time = 16.358848761702646
Cut timestep to 1.3410681671
Walltime = 185.1072838306427 Simulated time = 16.358848761702646
Cut timestep to 1.0315908978
Walltime = 186.66628456115723 Simulated time = 16.358848761702646
Cut timestep to 0.7935314598
Walltime = 188.2092843055725 Simulated time = 16.358848761702646
Cut timestep to 0.6104088153
Walltime = 189.8143858909607 Simulated time = 16.358848761702646
Cut timestep to 0.4695452425
Walltime = 191.44446969032288 Simulated time = 16.358848761702646
Cut timestep to 0.3611886481
Walltime = 192.95446944236755 Simulated time = 16.358848761702646
Cut timestep to 0.2778374216
Walltime = 194.49647045135498 Simulated time = 16.358848761702646
Cut timestep to 0.2137210935
Walltime = 195.93546986579895 Simulated time = 16.358848761702646
Cut timestep to 0.1644008412
Walltime = 197.39846897125244 Simulated time = 16.358848761702646
Cut timestep to 0.1264621855
Walltime = 198.8224742412567 Simulated time = 16.358848761702646
Cut timestep to 0.0972786043
Walltime = 200.24355459213257 Simulated time = 16.358848761702646
Cut timestep to 0.0748296956
Walltime = 201.85555458068848 Simulated time = 16.358848761702646
Cut timestep to 0.0575613043
Walltime = 203.10155510902405 Simulated time = 16.358848761702646
Cut timestep to 0.0442779264
Walltime = 204.3426411151886 Simulated time = 16.358848761702646
Cut timestep to 0.0340599434
Walltime = 205.7616410255432 Simulated time = 16.358848761702646
Cut timestep to 0.0261999564
Walltime = 207.08473753929138 Simulated time = 16.358848761702646
Cut timestep to 0.0201538126
Walltime = 208.33474016189575 Simulated time = 16.358848761702646
# 167 	T = 16.379	DT = 0.0201538	NI = 4	LI=12
Walltime = 208.59373784065247 Simulated time = 16.379002574346107
Cut timestep to 0.0201538126
Walltime = 209.8747386932373 Simulated time = 16.379002574346107
Cut timestep to 0.0155029328
Walltime = 211.1028311252594 Simulated time = 16.379002574346107
Cut timestep to 0.0119253329
Walltime = 212.29583096504211 Simulated time = 16.379002574346107
# 168 	T = 16.3909	DT = 0.0119253	NI = 3	LI=6
Walltime = 212.48283076286316 Simulated time = 16.39092790727123
Cut timestep to 0.0119253329
Walltime = 213.73083090782166 Simulated time = 16.39092790727123
# 169 	T = 16.4029	DT = 0.0119253	NI = 3	LI=6
Walltime = 213.93483114242554 Simulated time = 16.402853240196354
# 170 	T = 16.4184	DT = 0.0155029	NI = 2	LI=4
Walltime = 214.06783175468445 Simulated time = 16.418356172999015
# 171 	T = 16.4385	DT = 0.0201538	NI = 2	LI=4
Walltime = 214.1978359222412 Simulated time = 16.438509985642476
# 172 	T = 16.4647	DT = 0.0262	NI = 3	LI=7
Walltime = 214.42083072662354 Simulated time = 16.464709942078976
# 173 	T = 16.4988	DT = 0.0340599	NI = 3	LI=7
Walltime = 214.61983180046082 Simulated time = 16.498769885446425
# 174 	T = 16.543	DT = 0.0442779	NI = 3	LI=8
Walltime = 214.8268322944641 Simulated time = 16.54304781182411
# 175 	T = 16.6006	DT = 0.0575613	NI = 3	LI=8
Walltime = 215.0348310470581 Simulated time = 16.6006091161151
# 176 	T = 16.6754	DT = 0.0748297	NI = 3	LI=9
Walltime = 215.24983191490173 Simulated time = 16.675438811693386
# 177 	T = 16.7727	DT = 0.0972786	NI = 3	LI=10
Walltime = 215.48483180999756 Simulated time = 16.77271741594516
# 178 	T = 16.8992	DT = 0.126462	NI = 4	LI=15
Walltime = 215.7668309211731 Simulated time = 16.89917960147246
Cut timestep to 0.1264621855
Walltime = 217.20391273498535 Simulated time = 16.89917960147246
Stationary point detected!
Cut timestep to 0.0972786043
Walltime = 217.57091164588928 Simulated time = 16.89917960147246
Stationary point detected!
Cut timestep to 0.0748296956
Walltime = 217.93991208076477 Simulated time = 16.89917960147246
# 179 	T = 16.974	DT = 0.0748297	NI = 3	LI=11
Walltime = 218.1459150314331 Simulated time = 16.97400929705075
# 180 	T = 17.0713	DT = 0.0972786	NI = 3	LI=11
Walltime = 218.37891268730164 Simulated time = 17.071287901302522
# 181 	T = 17.1978	DT = 0.126462	NI = 6	LI=27
Walltime = 218.80791211128235 Simulated time = 17.197750086829824
# 182 	T = 17.3622	DT = 0.164401	NI = 4	LI=16
Walltime = 219.09491634368896 Simulated time = 17.362150928015318
# 183 	T = 17.5759	DT = 0.213721	NI = 4	LI=16
Walltime = 219.39891147613525 Simulated time = 17.57587202155646
Cut timestep to 0.2137210935
Walltime = 220.79591250419617 Simulated time = 17.57587202155646
# 184 	T = 17.7896	DT = 0.213721	NI = 5	LI=20
Walltime = 221.13091206550598 Simulated time = 17.789593115097603
# 185 	T = 18.0674	DT = 0.277837	NI = 2	LI=8
Walltime = 221.27991437911987 Simulated time = 18.06743053670109
# 186 	T = 18.4286	DT = 0.361189	NI = 2	LI=9
Walltime = 221.4399118423462 Simulated time = 18.42861918478562
# 187 	T = 18.8982	DT = 0.469545	NI = 3	LI=14
Walltime = 221.69291234016418 Simulated time = 18.898164427295512
# 188 	T = 19.5086	DT = 0.610409	NI = 2	LI=9
Walltime = 221.84491181373596 Simulated time = 19.50857324255837
# 189 	T = 20.3021	DT = 0.793531	NI = 3	LI=15
Walltime = 222.12291264533997 Simulated time = 20.302104702400086
# 190 	T = 21.3337	DT = 1.03159	NI = 2	LI=9
Walltime = 222.38091230392456 Simulated time = 21.333695600194318
# 191 	T = 22.6748	DT = 1.34107	NI = 2	LI=14
Walltime = 222.68991208076477 Simulated time = 22.67476376732682
# 192 	T = 24.4182	DT = 1.74339	NI = 3	LI=17
Walltime = 223.0469114780426 Simulated time = 24.418152384599072
# 193 	T = 26.6846	DT = 2.26641	NI = 3	LI=19
Walltime = 223.4599118232727 Simulated time = 26.684557587053
# 194 	T = 29.6309	DT = 2.94633	NI = 3	LI=24
Walltime = 223.94791197776794 Simulated time = 29.630884350243107
# 195 	T = 33.4611	DT = 3.83022	NI = 3	LI=18
Walltime = 224.40191197395325 Simulated time = 33.46110914239025
# 196 	T = 38.4404	DT = 4.97929	NI = 3	LI=20
Walltime = 224.88591146469116 Simulated time = 38.440401372181526
# 197 	T = 44.9135	DT = 6.47308	NI = 3	LI=18
Walltime = 225.38020944595337 Simulated time = 44.91348127091019
# 198 	T = 53.3285	DT = 8.415	NI = 3	LI=19
Walltime = 225.92720890045166 Simulated time = 53.32848513925745
# 199 	T = 63.3285	DT = 10	NI = 3	LI=20
Walltime = 226.54720973968506 Simulated time = 63.32848513925745
Cut timestep to 7.6923076923
Walltime = 228.57720923423767 Simulated time = 63.32848513925745
Cut timestep to 5.9171597633
Walltime = 242.04885506629944 Simulated time = 63.32848513925745
Cut timestep to 4.5516613564
Walltime = 243.60185551643372 Simulated time = 63.32848513925745
Cut timestep to 3.5012779665
Walltime = 245.11985516548157 Simulated time = 63.32848513925745
Cut timestep to 2.6932907434
Walltime = 246.59385442733765 Simulated time = 63.32848513925745
# 200 	T = 66.0218	DT = 2.69329	NI = 3	LI=20
Walltime = 246.8878571987152 Simulated time = 66.0217758826865
# 201 	T = 69.5231	DT = 3.50128	NI = 3	LI=16
Walltime = 247.10485577583313 Simulated time = 69.52305384914425
# 202 	T = 74.0747	DT = 4.55166	NI = 3	LI=18
Walltime = 247.41185998916626 Simulated time = 74.07471520553933
Cut timestep to 4.5516613564
Walltime = 251.078209400177 Simulated time = 74.07471520553933
Cut timestep to 3.5012779665
Walltime = 252.5912094116211 Simulated time = 74.07471520553933
Cut timestep to 2.6932907434
Walltime = 254.12537240982056 Simulated time = 74.07471520553933
Cut timestep to 2.0717621103
Walltime = 257.0557916164398 Simulated time = 74.07471520553933
Cut timestep to 1.5936631618
Walltime = 263.1800284385681 Simulated time = 74.07471520553933
Cut timestep to 1.2258947398
Walltime = 267.53786540031433 Simulated time = 74.07471520553933
Cut timestep to 0.9429959537
Walltime = 274.13758873939514 Simulated time = 74.07471520553933
Cut timestep to 0.7253815029
Walltime = 275.1902606487274 Simulated time = 74.07471520553933
Cut timestep to 0.5579857714
Walltime = 276.3027515411377 Simulated time = 74.07471520553933
Cut timestep to 0.4292198242
Walltime = 277.3195436000824 Simulated time = 74.07471520553933
Cut timestep to 0.3301690955
Walltime = 278.28490471839905 Simulated time = 74.07471520553933
Cut timestep to 0.2539762273
Walltime = 279.2453861236572 Simulated time = 74.07471520553933
Cut timestep to 0.1953663287
Walltime = 280.09707474708557 Simulated time = 74.07471520553933
Stationary point detected!
Cut timestep to 0.1502817913
Walltime = 280.492751121521 Simulated time = 74.07471520553933
Stationary point detected!
Cut timestep to 0.1156013779
Walltime = 280.83787512779236 Simulated time = 74.07471520553933
# 203 	T = 74.1903	DT = 0.115601	NI = 7	LI=25
Walltime = 281.14635181427 Simulated time = 74.19031658347534
Cut timestep to 0.1156013779
Walltime = 282.106822013855 Simulated time = 74.19031658347534
Stationary point detected!
Cut timestep to 0.0889241369
Walltime = 282.911821603775 Simulated time = 74.19031658347534
Stationary point detected!
Cut timestep to 0.0684031822
Walltime = 283.3676109313965 Simulated time = 74.19031658347534
Stationary point detected!
Cut timestep to 0.0526178325
Walltime = 283.8216805458069 Simulated time = 74.19031658347534
Stationary point detected!
Cut timestep to 0.0404752557
Walltime = 284.2547483444214 Simulated time = 74.19031658347534
# 204 	T = 74.2308	DT = 0.0404753	NI = 5	LI=14
Walltime = 284.45682311058044 Simulated time = 74.23079183922128
Stationary point detected!
Cut timestep to 0.0404752557
Walltime = 284.7818021774292 Simulated time = 74.23079183922128
# 205 	T = 74.2713	DT = 0.0404753	NI = 5	LI=14
Walltime = 284.9798684120178 Simulated time = 74.27126709496723
Stationary point detected!
Cut timestep to 0.0404752557
Walltime = 285.30557799339294 Simulated time = 74.27126709496723
# 206 	T = 74.3117	DT = 0.0404753	NI = 5	LI=14
Walltime = 285.5056755542755 Simulated time = 74.31174235071317
Stationary point detected!
Cut timestep to 0.0404752557
Walltime = 285.90649795532227 Simulated time = 74.31174235071317
# 207 	T = 74.3522	DT = 0.0404753	NI = 7	LI=20
Walltime = 286.18827533721924 Simulated time = 74.35221760645912
Cut timestep to 0.0404752557
Walltime = 287.08878111839294 Simulated time = 74.35221760645912
Cut timestep to 0.0311348121
Walltime = 288.02205085754395 Simulated time = 74.35221760645912
Cut timestep to 0.0239498555
Walltime = 288.89735221862793 Simulated time = 74.35221760645912
Cut timestep to 0.0184229657
Walltime = 289.7720594406128 Simulated time = 74.35221760645912
Cut timestep to 0.0141715121
Walltime = 290.68687915802 Simulated time = 74.35221760645912
Cut timestep to 0.0109011632
Walltime = 291.5103585720062 Simulated time = 74.35221760645912
Cut timestep to 0.0083855101
Walltime = 292.4078288078308 Simulated time = 74.35221760645912
Cut timestep to 0.0064503924
Walltime = 293.23110365867615 Simulated time = 74.35221760645912
Cut timestep to 0.0049618403
Walltime = 294.0688998699188 Simulated time = 74.35221760645912
Cut timestep to 0.0038168002
Walltime = 294.9206736087799 Simulated time = 74.35221760645912
Cut timestep to 0.0029360002
Walltime = 295.73577213287354 Simulated time = 74.35221760645912
# 208 	T = 74.3552	DT = 0.002936	NI = 18	LI=44
Walltime = 296.4529151916504 Simulated time = 74.3551536066433
# 209 	T = 74.359	DT = 0.0038168	NI = 1	LI=2
Walltime = 296.508912563324 Simulated time = 74.35897040688273
# 210 	T = 74.3639	DT = 0.00496184	NI = 1	LI=1
Walltime = 296.5609929561615 Simulated time = 74.363932247194
# 211 	T = 74.3704	DT = 0.00645039	NI = 1	LI=2
Walltime = 296.617059469223 Simulated time = 74.37038263959865
# 212 	T = 74.3788	DT = 0.00838551	NI = 1	LI=2
Walltime = 296.68188881874084 Simulated time = 74.37876814972468
# 213 	T = 74.3897	DT = 0.0109012	NI = 1	LI=2
Walltime = 296.7506034374237 Simulated time = 74.38966931288853
# 214 	T = 74.4038	DT = 0.0141715	NI = 2	LI=4
Walltime = 296.8459372520447 Simulated time = 74.40384082500154
# 215 	T = 74.4223	DT = 0.018423	NI = 1	LI=2
Walltime = 296.90845942497253 Simulated time = 74.42226379074845
# 216 	T = 74.4462	DT = 0.0239499	NI = 1	LI=2
Walltime = 296.97245836257935 Simulated time = 74.44621364621942
# 217 	T = 74.4773	DT = 0.0311348	NI = 2	LI=5
Walltime = 297.07355260849 Simulated time = 74.47734845833169
# 218 	T = 74.5178	DT = 0.0404753	NI = 2	LI=5
Walltime = 297.21255564689636 Simulated time = 74.51782371407764
# 219 	T = 74.5704	DT = 0.0526178	NI = 6	LI=26
Walltime = 297.5023658275604 Simulated time = 74.57044154654737
# 220 	T = 74.6388	DT = 0.0684032	NI = 2	LI=8
Walltime = 297.59703755378723 Simulated time = 74.63884472875802
# 221 	T = 74.7278	DT = 0.0889241	NI = 2	LI=8
Walltime = 297.6921136379242 Simulated time = 74.72776886563186
# 222 	T = 74.8434	DT = 0.115601	NI = 2	LI=8
Walltime = 297.8023636341095 Simulated time = 74.84337024356786
# 223 	T = 74.9937	DT = 0.150282	NI = 2	LI=8
Walltime = 297.89936351776123 Simulated time = 74.99365203488466
# 224 	T = 75.189	DT = 0.195366	NI = 2	LI=9
Walltime = 297.9982998371124 Simulated time = 75.1890183635965
# 225 	T = 75.443	DT = 0.253976	NI = 2	LI=8
Walltime = 298.1118025779724 Simulated time = 75.4429945909219
# 226 	T = 75.7732	DT = 0.330169	NI = 3	LI=16
Walltime = 298.26227283477783 Simulated time = 75.77316368644492
# 227 	T = 76.2024	DT = 0.42922	NI = 3	LI=16
Walltime = 298.4362795352936 Simulated time = 76.20238351062483
# 228 	T = 76.7604	DT = 0.557986	NI = 3	LI=15
Walltime = 298.5877368450165 Simulated time = 76.76036928205872
# 229 	T = 77.4858	DT = 0.725382	NI = 2	LI=9
Walltime = 298.69781279563904 Simulated time = 77.48575078492277
# 230 	T = 78.4287	DT = 0.942996	NI = 4	LI=21
Walltime = 298.8927483558655 Simulated time = 78.42874673864604
# 231 	T = 79.6546	DT = 1.22589	NI = 3	LI=18
Walltime = 299.0567481517792 Simulated time = 79.6546414784863
# 232 	T = 81.2483	DT = 1.59366	NI = 4	LI=22
Walltime = 299.318808555603 Simulated time = 81.24830464027863
# 233 	T = 83.3201	DT = 2.07176	NI = 4	LI=22
Walltime = 299.66639280319214 Simulated time = 83.32006675060866
# 234 	T = 86.0134	DT = 2.69329	NI = 5	LI=29
Walltime = 300.1275827884674 Simulated time = 86.0133574940377
# 235 	T = 89.5146	DT = 3.50128	NI = 4	LI=23
Walltime = 300.59024000167847 Simulated time = 89.51463546049546
# 236 	T = 94.0663	DT = 4.55166	NI = 5	LI=34
Walltime = 301.14385175704956 Simulated time = 94.06629681689054
# 237 	T = 99.9835	DT = 5.91716	NI = 5	LI=35
Walltime = 301.73539686203003 Simulated time = 99.98345658020415
Cut timestep to 5.9171597633
Walltime = 303.18179082870483 Simulated time = 99.98345658020415
# 238 	T = 105.901	DT = 5.91716	NI = 5	LI=34
Walltime = 303.6433742046356 Simulated time = 105.90061634351775
Cut timestep to 5.9171597633
Walltime = 305.1161689758301 Simulated time = 105.90061634351775
# 239 	T = 111.818	DT = 5.91716	NI = 7	LI=46
Walltime = 305.65061831474304 Simulated time = 111.81777610683136
# 240 	T = 119.51	DT = 7.69231	NI = 5	LI=34
Walltime = 306.2955243587494 Simulated time = 119.51008379913905
# 241 	T = 129.51	DT = 10	NI = 10	LI=62
Walltime = 307.2673921585083 Simulated time = 129.51008379913904
# 242 	T = 139.51	DT = 10	NI = 8	LI=46
Walltime = 308.1591215133667 Simulated time = 139.51008379913904
# 243 	T = 149.51	DT = 10	NI = 5	LI=30
Walltime = 308.89574098587036 Simulated time = 149.51008379913904
# 244 	T = 159.51	DT = 10	NI = 14	LI=78
Walltime = 310.06409883499146 Simulated time = 159.51008379913904
# 245 	T = 169.51	DT = 10	NI = 5	LI=31
Walltime = 310.8231256008148 Simulated time = 169.51008379913904
# 246 	T = 179.51	DT = 10	NI = 7	LI=44
Walltime = 311.7067918777466 Simulated time = 179.51008379913904
# 247 	T = 189.51	DT = 10	NI = 6	LI=39
Walltime = 312.5855073928833 Simulated time = 189.51008379913904
# 248 	T = 199.51	DT = 10	NI = 5	LI=32
Walltime = 313.3437464237213 Simulated time = 199.51008379913904
# 249 	T = 209.51	DT = 10	NI = 6	LI=36
Walltime = 314.19203066825867 Simulated time = 209.51008379913904
Cut timestep to 7.6923076923
Walltime = 316.96359729766846 Simulated time = 209.51008379913904
Cut timestep to 5.9171597633
Walltime = 318.28768730163574 Simulated time = 209.51008379913904
Cut timestep to 4.5516613564
Walltime = 319.7756552696228 Simulated time = 209.51008379913904
Cut timestep to 3.5012779665
Walltime = 320.9133679866791 Simulated time = 209.51008379913904
Cut timestep to 2.6932907434
Walltime = 322.1444282531738 Simulated time = 209.51008379913904
Cut timestep to 2.0717621103
Walltime = 323.24528408050537 Simulated time = 209.51008379913904
Cut timestep to 1.5936631618
Walltime = 324.4258198738098 Simulated time = 209.51008379913904
Cut timestep to 1.2258947398
Walltime = 325.6003954410553 Simulated time = 209.51008379913904
Cut timestep to 0.9429959537
Walltime = 326.7054798603058 Simulated time = 209.51008379913904
Cut timestep to 0.7253815029
Walltime = 327.71858048439026 Simulated time = 209.51008379913904
Cut timestep to 0.5579857714
Walltime = 328.78707480430603 Simulated time = 209.51008379913904
Cut timestep to 0.4292198242
Walltime = 329.8788070678711 Simulated time = 209.51008379913904
Cut timestep to 0.3301690955
Walltime = 330.9376893043518 Simulated time = 209.51008379913904
Cut timestep to 0.2539762273
Walltime = 332.0507869720459 Simulated time = 209.51008379913904
Cut timestep to 0.1953663287
Walltime = 333.0345776081085 Simulated time = 209.51008379913904
Cut timestep to 0.1502817913
Walltime = 334.0903584957123 Simulated time = 209.51008379913904
Cut timestep to 0.1156013779
Walltime = 335.0457181930542 Simulated time = 209.51008379913904
Stationary point detected!
Cut timestep to 0.0889241369
Walltime = 335.26555585861206 Simulated time = 209.51008379913904
# 250 	T = 209.599	DT = 0.0889241	NI = 2	LI=10
Walltime = 335.372437953949 Simulated time = 209.5990079360129
Cut timestep to 0.0889241369
Walltime = 336.2729682922363 Simulated time = 209.5990079360129
Cut timestep to 0.0684031822
Walltime = 337.2242910861969 Simulated time = 209.5990079360129
Cut timestep to 0.0526178325
Walltime = 338.13257336616516 Simulated time = 209.5990079360129
Cut timestep to 0.0404752557
Walltime = 339.02759861946106 Simulated time = 209.5990079360129
Cut timestep to 0.0311348121
Walltime = 339.94297528266907 Simulated time = 209.5990079360129
Cut timestep to 0.0239498555
Walltime = 340.71536207199097 Simulated time = 209.5990079360129
# 251 	T = 209.623	DT = 0.0239499	NI = 3	LI=11
Walltime = 340.8564946651459 Simulated time = 209.62295779148388
# 252 	T = 209.654	DT = 0.0311348	NI = 1	LI=2
Walltime = 340.90764904022217 Simulated time = 209.65409260359615
# 253 	T = 209.695	DT = 0.0404753	NI = 1	LI=4
Walltime = 340.9776463508606 Simulated time = 209.6945678593421
# 254 	T = 209.747	DT = 0.0526178	NI = 1	LI=4
Walltime = 341.0354356765747 Simulated time = 209.74718569181184
# 255 	T = 209.816	DT = 0.0684032	NI = 1	LI=4
Walltime = 341.09157705307007 Simulated time = 209.8155888740225
# 256 	T = 209.905	DT = 0.0889241	NI = 1	LI=4
Walltime = 341.1481339931488 Simulated time = 209.90451301089635
# 257 	T = 210.02	DT = 0.115601	NI = 1	LI=4
Walltime = 341.2157506942749 Simulated time = 210.02011438883235
# 258 	T = 210.17	DT = 0.150282	NI = 1	LI=4
Walltime = 341.2818293571472 Simulated time = 210.17039618014917
# 259 	T = 210.366	DT = 0.195366	NI = 1	LI=4
Walltime = 341.3390836715698 Simulated time = 210.365762508861
# 260 	T = 210.62	DT = 0.253976	NI = 1	LI=4
Walltime = 341.395703792572 Simulated time = 210.61973873618638
# 261 	T = 210.95	DT = 0.330169	NI = 1	LI=4
Walltime = 341.46670413017273 Simulated time = 210.9499078317094
# 262 	T = 211.379	DT = 0.42922	NI = 2	LI=9
Walltime = 341.57214999198914 Simulated time = 211.3791276558893
# 263 	T = 211.937	DT = 0.557986	NI = 2	LI=10
Walltime = 341.67624282836914 Simulated time = 211.9371134273232
# 264 	T = 212.662	DT = 0.725382	NI = 2	LI=11
Walltime = 341.78960943222046 Simulated time = 212.66249493018725
# 265 	T = 213.605	DT = 0.942996	NI = 2	LI=11
Walltime = 341.9024121761322 Simulated time = 213.60549088391053
# 266 	T = 214.831	DT = 1.22589	NI = 3	LI=16
Walltime = 342.1531136035919 Simulated time = 214.83138562375078
# 267 	T = 216.425	DT = 1.59366	NI = 2	LI=11
Walltime = 342.26353931427 Simulated time = 216.4250487855431
# 268 	T = 218.497	DT = 2.07176	NI = 3	LI=18
Walltime = 342.42945981025696 Simulated time = 218.49681089587315
# 269 	T = 221.19	DT = 2.69329	NI = 2	LI=11
Walltime = 342.6280312538147 Simulated time = 221.19010163930218
# 270 	T = 224.691	DT = 3.50128	NI = 3	LI=17
Walltime = 343.0636649131775 Simulated time = 224.69137960575995
# 271 	T = 229.243	DT = 4.55166	NI = 3	LI=18
Walltime = 343.54855489730835 Simulated time = 229.24304096215502
# 272 	T = 235.16	DT = 5.91716	NI = 3	LI=18
Walltime = 344.10426807403564 Simulated time = 235.16020072546863
# 273 	T = 242.853	DT = 7.69231	NI = 3	LI=17
Walltime = 344.7274947166443 Simulated time = 242.8525084177763
# 274 	T = 252.853	DT = 10	NI = 4	LI=22
Walltime = 345.3924551010132 Simulated time = 252.8525084177763
# 275 	T = 262.853	DT = 10	NI = 6	LI=35
Walltime = 346.19591188430786 Simulated time = 262.85250841777633
# 276 	T = 272.853	DT = 10	NI = 5	LI=31
Walltime = 347.01859855651855 Simulated time = 272.85250841777633
# 277 	T = 282.853	DT = 10	NI = 5	LI=30
Walltime = 347.8611361980438 Simulated time = 282.85250841777633
# 278 	T = 292.853	DT = 10	NI = 6	LI=37
Walltime = 349.13251185417175 Simulated time = 292.85250841777633
# 279 	T = 302.853	DT = 10	NI = 6	LI=37
Walltime = 350.68658232688904 Simulated time = 302.85250841777633
# 280 	T = 312.853	DT = 10	NI = 5	LI=31
Walltime = 352.34535241127014 Simulated time = 312.85250841777633
# 281 	T = 322.853	DT = 10	NI = 4	LI=24
Walltime = 355.6517298221588 Simulated time = 322.85250841777633
# 282 	T = 332.853	DT = 10	NI = 5	LI=32
Walltime = 356.85498452186584 Simulated time = 332.85250841777633
# 283 	T = 342.853	DT = 10	NI = 4	LI=25
Walltime = 362.05559849739075 Simulated time = 342.85250841777633
# 284 	T = 352.853	DT = 10	NI = 5	LI=31
Walltime = 363.582622051239 Simulated time = 352.85250841777633
# 285 	T = 362.853	DT = 10	NI = 5	LI=32
Walltime = 364.45560240745544 Simulated time = 362.85250841777633
# 286 	T = 365	DT = 2.14749	NI = 3	LI=18
TS = 286(210), NI = 883(3452), LI = 3622(12771)
well_head_depth_pressure =  175.96349999999998
The string 'wbhp' is found as control!
Walltime = 0.0 Simulated time = 365.0
# 1 	T = 375	DT = 10	NI = 5	LI=30
Walltime = 0.7889292240142822 Simulated time = 375.0
Cut timestep to 7.6923076923
Walltime = 2.4779510498046875 Simulated time = 375.0
# 2 	T = 382.692	DT = 7.69231	NI = 4	LI=23
Walltime = 2.9327592849731445 Simulated time = 382.6923076923077
# 3 	T = 392.692	DT = 10	NI = 5	LI=25
Walltime = 3.7290384769439697 Simulated time = 392.6923076923077
# 4 	T = 402.692	DT = 10	NI = 5	LI=33
Walltime = 4.534631729125977 Simulated time = 402.6923076923077
Cut timestep to 7.6923076923
Walltime = 6.187734603881836 Simulated time = 402.6923076923077
# 5 	T = 410.385	DT = 7.69231	NI = 4	LI=23
Walltime = 6.656789779663086 Simulated time = 410.38461538461536
# 6 	T = 420.385	DT = 10	NI = 10	LI=62
Walltime = 7.743839502334595 Simulated time = 420.38461538461536
Cut timestep to 7.6923076923
Walltime = 11.405023097991943 Simulated time = 420.38461538461536
Cut timestep to 5.9171597633
Walltime = 13.988770961761475 Simulated time = 420.38461538461536
Cut timestep to 4.5516613564
Walltime = 18.474976778030396 Simulated time = 420.38461538461536
Cut timestep to 3.5012779665
Walltime = 30.759365797042847 Simulated time = 420.38461538461536
Cut timestep to 2.6932907434
Walltime = 32.87636733055115 Simulated time = 420.38461538461536
# 7 	T = 423.078	DT = 2.69329	NI = 12	LI=56
Walltime = 33.92636680603027 Simulated time = 423.0779061280444
# 8 	T = 426.579	DT = 3.50128	NI = 3	LI=16
Walltime = 34.19536519050598 Simulated time = 426.5791840945021
# 9 	T = 431.131	DT = 4.55166	NI = 18	LI=98
Walltime = 35.80036544799805 Simulated time = 431.1308454508972
Cut timestep to 4.5516613564
Walltime = 37.8713653087616 Simulated time = 431.1308454508972
# 10 	T = 435.683	DT = 4.55166	NI = 14	LI=93
Walltime = 39.20136547088623 Simulated time = 435.68250680729227
# 11 	T = 441.6	DT = 5.91716	NI = 18	LI=97
Walltime = 40.88236689567566 Simulated time = 441.5996665706059
Cut timestep to 5.9171597633
Walltime = 42.998366355895996 Simulated time = 441.5996665706059
Cut timestep to 4.5516613564
Walltime = 44.7983660697937 Simulated time = 441.5996665706059
# 12 	T = 446.151	DT = 4.55166	NI = 3	LI=17
Walltime = 45.12436652183533 Simulated time = 446.151327927001
Cut timestep to 4.5516613564
Walltime = 47.236366748809814 Simulated time = 446.151327927001
Cut timestep to 3.5012779665
Walltime = 48.88736534118652 Simulated time = 446.151327927001
# 13 	T = 449.653	DT = 3.50128	NI = 4	LI=24
Walltime = 49.23336625099182 Simulated time = 449.6526058934587
Cut timestep to 3.5012779665
Walltime = 51.03036570549011 Simulated time = 449.6526058934587
# 14 	T = 453.154	DT = 3.50128	NI = 9	LI=60
Walltime = 51.890366315841675 Simulated time = 453.15388385991645
Cut timestep to 3.5012779665
Walltime = 53.60736632347107 Simulated time = 453.15388385991645
# 15 	T = 456.655	DT = 3.50128	NI = 4	LI=23
Walltime = 53.97636556625366 Simulated time = 456.6551618263742
# 16 	T = 461.207	DT = 4.55166	NI = 6	LI=29
Walltime = 54.75236535072327 Simulated time = 461.20682318276926
Cut timestep to 4.5516613564
Walltime = 57.082367181777954 Simulated time = 461.20682318276926
Cut timestep to 3.5012779665
Walltime = 58.93636512756348 Simulated time = 461.20682318276926
Cut timestep to 2.6932907434
Walltime = 60.687366008758545 Simulated time = 461.20682318276926
Cut timestep to 2.0717621103
Walltime = 62.662365436553955 Simulated time = 461.20682318276926
Cut timestep to 1.5936631618
Walltime = 67.05345273017883 Simulated time = 461.20682318276926
Cut timestep to 1.2258947398
Walltime = 68.62145209312439 Simulated time = 461.20682318276926
Cut timestep to 0.9429959537
Walltime = 70.21545124053955 Simulated time = 461.20682318276926
Cut timestep to 0.7253815029
Walltime = 71.70853590965271 Simulated time = 461.20682318276926
Cut timestep to 0.5579857714
Walltime = 73.3825364112854 Simulated time = 461.20682318276926
Cut timestep to 0.4292198242
Walltime = 74.91062784194946 Simulated time = 461.20682318276926
# 17 	T = 461.636	DT = 0.42922	NI = 1	LI=3
Walltime = 74.98462843894958 Simulated time = 461.6360430069492
Cut timestep to 0.4292198242
Walltime = 76.56362891197205 Simulated time = 461.6360430069492
Cut timestep to 0.3301690955
Walltime = 78.07562828063965 Simulated time = 461.6360430069492
Cut timestep to 0.2539762273
Walltime = 79.62562894821167 Simulated time = 461.6360430069492
Cut timestep to 0.1953663287
Walltime = 81.13662719726562 Simulated time = 461.6360430069492
Cut timestep to 0.1502817913
Walltime = 82.53562760353088 Simulated time = 461.6360430069492
Cut timestep to 0.1156013779
Walltime = 83.95573139190674 Simulated time = 461.6360430069492
Cut timestep to 0.0889241369
Walltime = 85.35072827339172 Simulated time = 461.6360430069492
Cut timestep to 0.0684031822
Walltime = 86.77372741699219 Simulated time = 461.6360430069492
Cut timestep to 0.0526178325
Walltime = 88.21772885322571 Simulated time = 461.6360430069492
# 18 	T = 461.689	DT = 0.0526178	NI = 1	LI=3
Walltime = 88.28872895240784 Simulated time = 461.6886608394189
Cut timestep to 0.0526178325
Walltime = 89.7287278175354 Simulated time = 461.6886608394189
Cut timestep to 0.0404752557
Walltime = 91.25384283065796 Simulated time = 461.6886608394189
Cut timestep to 0.0311348121
Walltime = 92.80384492874146 Simulated time = 461.6886608394189
Cut timestep to 0.0239498555
Walltime = 94.22984218597412 Simulated time = 461.6886608394189
Cut timestep to 0.0184229657
Walltime = 95.6578438282013 Simulated time = 461.6886608394189
# 19 	T = 461.707	DT = 0.018423	NI = 11	LI=46
Walltime = 96.4399471282959 Simulated time = 461.7070838051658
# 20 	T = 461.731	DT = 0.0239499	NI = 1	LI=3
Walltime = 96.52394771575928 Simulated time = 461.73103366063674
# 21 	T = 461.762	DT = 0.0311348	NI = 1	LI=3
Walltime = 96.61094641685486 Simulated time = 461.762168472749
# 22 	T = 461.803	DT = 0.0404753	NI = 1	LI=3
Walltime = 96.70694613456726 Simulated time = 461.80264372849496
# 23 	T = 461.855	DT = 0.0526178	NI = 1	LI=3
Walltime = 96.80094647407532 Simulated time = 461.85526156096466
# 24 	T = 461.924	DT = 0.0684032	NI = 1	LI=3
Walltime = 96.89694666862488 Simulated time = 461.9236647431753
# 25 	T = 462.013	DT = 0.0889241	NI = 1	LI=2
Walltime = 96.99094867706299 Simulated time = 462.0125888800492
# 26 	T = 462.128	DT = 0.115601	NI = 1	LI=2
Walltime = 97.07694625854492 Simulated time = 462.1281902579852
# 27 	T = 462.278	DT = 0.150282	NI = 1	LI=2
Walltime = 97.15394568443298 Simulated time = 462.27847204930197
# 28 	T = 462.474	DT = 0.195366	NI = 1	LI=4
Walltime = 97.25994777679443 Simulated time = 462.4738383780138
# 29 	T = 462.728	DT = 0.253976	NI = 1	LI=4
Walltime = 97.3549473285675 Simulated time = 462.7278146053392
# 30 	T = 463.058	DT = 0.330169	NI = 1	LI=4
Walltime = 97.45094585418701 Simulated time = 463.05798370086217
# 31 	T = 463.487	DT = 0.42922	NI = 1	LI=4
Walltime = 97.55394577980042 Simulated time = 463.4872035250421
# 32 	T = 464.045	DT = 0.557986	NI = 1	LI=4
Walltime = 97.64794588088989 Simulated time = 464.045189296476
# 33 	T = 464.771	DT = 0.725382	NI = 1	LI=4
Walltime = 97.73794722557068 Simulated time = 464.7705707993401
# 34 	T = 465.714	DT = 0.942996	NI = 1	LI=5
Walltime = 97.84394884109497 Simulated time = 465.71356675306333
# 35 	T = 466.939	DT = 1.22589	NI = 2	LI=10
Walltime = 98.01494669914246 Simulated time = 466.9394614929036
# 36 	T = 468.533	DT = 1.59366	NI = 2	LI=11
Walltime = 98.32194805145264 Simulated time = 468.53312465469594
# 37 	T = 470.605	DT = 2.07176	NI = 2	LI=11
Walltime = 98.66494655609131 Simulated time = 470.604886765026
# 38 	T = 473.298	DT = 2.69329	NI = 2	LI=11
Walltime = 99.08408212661743 Simulated time = 473.298177508455
# 39 	T = 476.799	DT = 3.50128	NI = 2	LI=11
Walltime = 99.53808236122131 Simulated time = 476.79945547491275
# 40 	T = 481.351	DT = 4.55166	NI = 2	LI=11
Walltime = 100.01908206939697 Simulated time = 481.3511168313078
# 41 	T = 487.268	DT = 5.91716	NI = 3	LI=17
Walltime = 100.63908290863037 Simulated time = 487.26827659462145
# 42 	T = 494.961	DT = 7.69231	NI = 2	LI=11
Walltime = 101.2390809059143 Simulated time = 494.96058428692913
# 43 	T = 504.961	DT = 10	NI = 3	LI=19
Walltime = 101.92408204078674 Simulated time = 504.96058428692913
# 44 	T = 514.961	DT = 10	NI = 3	LI=19
Walltime = 102.67108225822449 Simulated time = 514.9605842869291
# 45 	T = 524.961	DT = 10	NI = 3	LI=19
Walltime = 103.35908269882202 Simulated time = 524.9605842869291
# 46 	T = 534.961	DT = 10	NI = 3	LI=18
Walltime = 104.10008335113525 Simulated time = 534.9605842869291
# 47 	T = 544.961	DT = 10	NI = 3	LI=19
Walltime = 104.8350818157196 Simulated time = 544.9605842869291
# 48 	T = 554.961	DT = 10	NI = 3	LI=18
Walltime = 105.55808305740356 Simulated time = 554.9605842869291
# 49 	T = 564.961	DT = 10	NI = 3	LI=17
Walltime = 106.30108284950256 Simulated time = 564.9605842869291
# 50 	T = 574.961	DT = 10	NI = 3	LI=19
Walltime = 107.06308698654175 Simulated time = 574.9605842869291
# 51 	T = 584.961	DT = 10	NI = 3	LI=18
Walltime = 107.83308219909668 Simulated time = 584.9605842869291
# 52 	T = 594.961	DT = 10	NI = 3	LI=19
Walltime = 108.58008146286011 Simulated time = 594.9605842869291
# 53 	T = 604.961	DT = 10	NI = 2	LI=11
Walltime = 109.2490804195404 Simulated time = 604.9605842869291
# 54 	T = 614.961	DT = 10	NI = 2	LI=12
Walltime = 109.92508172988892 Simulated time = 614.9605842869291
# 55 	T = 624.961	DT = 10	NI = 3	LI=19
Walltime = 110.73108315467834 Simulated time = 624.9605842869291
# 56 	T = 634.961	DT = 10	NI = 2	LI=12
Walltime = 111.43808197975159 Simulated time = 634.9605842869291
# 57 	T = 644.961	DT = 10	NI = 3	LI=17
Walltime = 112.20508146286011 Simulated time = 644.9605842869291
# 58 	T = 654.961	DT = 10	NI = 2	LI=12
Walltime = 112.8760814666748 Simulated time = 654.9605842869291
# 59 	T = 664.961	DT = 10	NI = 2	LI=12
Walltime = 113.57508254051208 Simulated time = 664.9605842869291
# 60 	T = 674.961	DT = 10	NI = 2	LI=12
Walltime = 114.26508212089539 Simulated time = 674.9605842869291
# 61 	T = 684.961	DT = 10	NI = 2	LI=12
Walltime = 114.95208191871643 Simulated time = 684.9605842869291
# 62 	T = 694.961	DT = 10	NI = 2	LI=13
Walltime = 115.64408159255981 Simulated time = 694.9605842869291
# 63 	T = 704.961	DT = 10	NI = 2	LI=11
Walltime = 116.34716534614563 Simulated time = 704.9605842869291
# 64 	T = 714.961	DT = 10	NI = 2	LI=13
Walltime = 117.02216529846191 Simulated time = 714.9605842869291
# 65 	T = 724.961	DT = 10	NI = 2	LI=13
Walltime = 117.73316550254822 Simulated time = 724.9605842869291
# 66 	T = 730	DT = 5.03942	NI = 2	LI=11
TS = 352(248), NI = 1112(4212), LI = 4891(16300)
well_head_depth_pressure =  175.96349999999998
The string 'wbhp' is found as control!
Walltime = 0.0 Simulated time = 730.0
# 1 	T = 740	DT = 10	NI = 2	LI=12
Walltime = 0.737999439239502 Simulated time = 740.0
# 2 	T = 750	DT = 10	NI = 3	LI=18
Walltime = 1.5529980659484863 Simulated time = 750.0
# 3 	T = 760	DT = 10	NI = 2	LI=13
Walltime = 2.2581119537353516 Simulated time = 760.0
# 4 	T = 770	DT = 10	NI = 3	LI=20
Walltime = 3.0381112098693848 Simulated time = 770.0
# 5 	T = 780	DT = 10	NI = 2	LI=13
Walltime = 3.7051868438720703 Simulated time = 780.0
# 6 	T = 790	DT = 10	NI = 2	LI=13
Walltime = 4.43518590927124 Simulated time = 790.0
# 7 	T = 800	DT = 10	NI = 2	LI=13
Walltime = 5.085186958312988 Simulated time = 800.0
# 8 	T = 810	DT = 10	NI = 2	LI=12
Walltime = 5.737186670303345 Simulated time = 810.0
# 9 	T = 820	DT = 10	NI = 2	LI=12
Walltime = 6.3831868171691895 Simulated time = 820.0
# 10 	T = 830	DT = 10	NI = 2	LI=12
Walltime = 7.000186443328857 Simulated time = 830.0
# 11 	T = 840	DT = 10	NI = 2	LI=12
Walltime = 7.662191867828369 Simulated time = 840.0
# 12 	T = 850	DT = 10	NI = 2	LI=12
Walltime = 8.333186864852905 Simulated time = 850.0
# 13 	T = 860	DT = 10	NI = 2	LI=11
Walltime = 8.99618673324585 Simulated time = 860.0
# 14 	T = 870	DT = 10	NI = 2	LI=12
Walltime = 9.639189720153809 Simulated time = 870.0
# 15 	T = 880	DT = 10	NI = 2	LI=12
Walltime = 10.345187187194824 Simulated time = 880.0
# 16 	T = 890	DT = 10	NI = 2	LI=11
Walltime = 11.067186832427979 Simulated time = 890.0
# 17 	T = 900	DT = 10	NI = 2	LI=10
Walltime = 11.71526050567627 Simulated time = 900.0
# 18 	T = 910	DT = 10	NI = 2	LI=11
Walltime = 12.355260848999023 Simulated time = 910.0
# 19 	T = 920	DT = 10	NI = 2	LI=11
Walltime = 12.994260311126709 Simulated time = 920.0
# 20 	T = 930	DT = 10	NI = 2	LI=13
Walltime = 13.624259948730469 Simulated time = 930.0
# 21 	T = 940	DT = 10	NI = 2	LI=11
Walltime = 14.260260105133057 Simulated time = 940.0
# 22 	T = 950	DT = 10	NI = 2	LI=11
Walltime = 14.895260095596313 Simulated time = 950.0
# 23 	T = 960	DT = 10	NI = 2	LI=11
Walltime = 15.526260614395142 Simulated time = 960.0
# 24 	T = 970	DT = 10	NI = 2	LI=12
Walltime = 16.185261487960815 Simulated time = 970.0
# 25 	T = 980	DT = 10	NI = 2	LI=11
Walltime = 16.82226014137268 Simulated time = 980.0
# 26 	T = 990	DT = 10	NI = 2	LI=11
Walltime = 17.462262868881226 Simulated time = 990.0
# 27 	T = 1000	DT = 10	NI = 2	LI=12
Walltime = 18.07626175880432 Simulated time = 1000.0
# 28 	T = 1010	DT = 10	NI = 2	LI=11
Walltime = 18.695261240005493 Simulated time = 1010.0
# 29 	T = 1020	DT = 10	NI = 2	LI=12
Walltime = 19.348260164260864 Simulated time = 1020.0
# 30 	T = 1030	DT = 10	NI = 2	LI=12
Walltime = 19.995260000228882 Simulated time = 1030.0
# 31 	T = 1040	DT = 10	NI = 2	LI=12
Walltime = 20.63126015663147 Simulated time = 1040.0
# 32 	T = 1050	DT = 10	NI = 2	LI=12
Walltime = 21.308262825012207 Simulated time = 1050.0
# 33 	T = 1060	DT = 10	NI = 2	LI=14
Walltime = 21.91826033592224 Simulated time = 1060.0
# 34 	T = 1070	DT = 10	NI = 2	LI=12
Walltime = 22.551260709762573 Simulated time = 1070.0
# 35 	T = 1080	DT = 10	NI = 2	LI=10
Walltime = 23.149260759353638 Simulated time = 1080.0
# 36 	T = 1090	DT = 10	NI = 2	LI=11
Walltime = 23.744259357452393 Simulated time = 1090.0
# 37 	T = 1095	DT =  5	NI = 2	LI=12
TS = 389(248), NI = 1188(4212), LI = 5341(16300)
well_head_depth_pressure =  175.96349999999998
The string 'wbhp' is found as control!
Walltime = 0.0 Simulated time = 1095.0
# 1 	T = 1105	DT = 10	NI = 2	LI=13
Walltime = 0.5809998512268066 Simulated time = 1105.0
# 2 	T = 1115	DT = 10	NI = 2	LI=12
Walltime = 1.1562678813934326 Simulated time = 1115.0
# 3 	T = 1125	DT = 10	NI = 2	LI=13
Walltime = 1.7660894393920898 Simulated time = 1125.0
# 4 	T = 1135	DT = 10	NI = 2	LI=11
Walltime = 2.344322919845581 Simulated time = 1135.0
# 5 	T = 1145	DT = 10	NI = 2	LI=13
Walltime = 2.939822196960449 Simulated time = 1145.0
# 6 	T = 1155	DT = 10	NI = 2	LI=13
Walltime = 3.4879229068756104 Simulated time = 1155.0
# 7 	T = 1165	DT = 10	NI = 2	LI=11
Walltime = 4.05537223815918 Simulated time = 1165.0
# 8 	T = 1175	DT = 10	NI = 2	LI=13
Walltime = 4.621371507644653 Simulated time = 1175.0
# 9 	T = 1185	DT = 10	NI = 2	LI=12
Walltime = 5.169372320175171 Simulated time = 1185.0
# 10 	T = 1195	DT = 10	NI = 2	LI=13
Walltime = 5.75872540473938 Simulated time = 1195.0
# 11 	T = 1205	DT = 10	NI = 2	LI=11
Walltime = 6.30572509765625 Simulated time = 1205.0
# 12 	T = 1215	DT = 10	NI = 2	LI=12
Walltime = 6.882725715637207 Simulated time = 1215.0
# 13 	T = 1225	DT = 10	NI = 2	LI=12
Walltime = 7.428860187530518 Simulated time = 1225.0
# 14 	T = 1235	DT = 10	NI = 2	LI=12
Walltime = 7.9738640785217285 Simulated time = 1235.0
# 15 	T = 1245	DT = 10	NI = 2	LI=12
Walltime = 8.562858581542969 Simulated time = 1245.0
# 16 	T = 1255	DT = 10	NI = 2	LI=12
Walltime = 9.109858751296997 Simulated time = 1255.0
# 17 	T = 1265	DT = 10	NI = 2	LI=13
Walltime = 9.696931600570679 Simulated time = 1265.0
# 18 	T = 1275	DT = 10	NI = 2	LI=11
Walltime = 10.247931480407715 Simulated time = 1275.0
# 19 	T = 1285	DT = 10	NI = 2	LI=12
Walltime = 10.774930000305176 Simulated time = 1285.0
Cut timestep to 7.6923076923
Walltime = 15.570017576217651 Simulated time = 1285.0
# 20 	T = 1292.69	DT = 7.69231	NI = 2	LI=14
Walltime = 15.773021697998047 Simulated time = 1292.6923076923076
# 21 	T = 1302.69	DT = 10	NI = 2	LI=13
Walltime = 16.179018259048462 Simulated time = 1302.6923076923076
# 22 	T = 1312.69	DT = 10	NI = 2	LI=11
Walltime = 16.675018072128296 Simulated time = 1312.6923076923076
# 23 	T = 1322.69	DT = 10	NI = 2	LI=12
Walltime = 17.173017024993896 Simulated time = 1322.6923076923076
# 24 	T = 1332.69	DT = 10	NI = 2	LI=13
Walltime = 17.673020601272583 Simulated time = 1332.6923076923076
# 25 	T = 1342.69	DT = 10	NI = 2	LI=13
Walltime = 18.198018789291382 Simulated time = 1342.6923076923076
# 26 	T = 1352.69	DT = 10	NI = 2	LI=12
Walltime = 18.6910183429718 Simulated time = 1352.6923076923076
# 27 	T = 1362.69	DT = 10	NI = 2	LI=12
Walltime = 19.220017671585083 Simulated time = 1362.6923076923076
# 28 	T = 1372.69	DT = 10	NI = 2	LI=13
Walltime = 19.756019830703735 Simulated time = 1372.6923076923076
# 29 	T = 1382.69	DT = 10	NI = 2	LI=13
Walltime = 20.30301833152771 Simulated time = 1382.6923076923076
# 30 	T = 1392.69	DT = 10	NI = 2	LI=13
Walltime = 20.85901689529419 Simulated time = 1392.6923076923076
# 31 	T = 1402.69	DT = 10	NI = 2	LI=12
Walltime = 21.371017456054688 Simulated time = 1402.6923076923076
# 32 	T = 1412.69	DT = 10	NI = 2	LI=12
Walltime = 21.928017616271973 Simulated time = 1412.6923076923076
# 33 	T = 1422.69	DT = 10	NI = 2	LI=11
Walltime = 22.425017595291138 Simulated time = 1422.6923076923076
# 34 	T = 1432.69	DT = 10	NI = 2	LI=12
Walltime = 22.937018156051636 Simulated time = 1432.6923076923076
# 35 	T = 1442.69	DT = 10	NI = 2	LI=13
Walltime = 23.44101881980896 Simulated time = 1442.6923076923076
# 36 	T = 1452.69	DT = 10	NI = 2	LI=12
Walltime = 23.958017587661743 Simulated time = 1452.6923076923076
# 37 	T = 1460	DT = 7.30769	NI = 2	LI=11
TS = 426(249), NI = 1262(4232), LI = 5794(16399)
well_head_depth_pressure =  175.96349999999998
The string 'wbhp' is found as control!
Walltime = 0.0 Simulated time = 1460.0
# 1 	T = 1470	DT = 10	NI = 2	LI=13
Walltime = 0.5609993934631348 Simulated time = 1470.0
# 2 	T = 1480	DT = 10	NI = 2	LI=11
Walltime = 1.0479989051818848 Simulated time = 1480.0
# 3 	T = 1490	DT = 10	NI = 2	LI=13
Walltime = 1.533998966217041 Simulated time = 1490.0
# 4 	T = 1500	DT = 10	NI = 2	LI=12
Walltime = 2.0719995498657227 Simulated time = 1500.0
# 5 	T = 1510	DT = 10	NI = 2	LI=12
Walltime = 2.542998790740967 Simulated time = 1510.0
# 6 	T = 1520	DT = 10	NI = 2	LI=14
Walltime = 3.0569982528686523 Simulated time = 1520.0
# 7 	T = 1530	DT = 10	NI = 2	LI=11
Walltime = 3.5591018199920654 Simulated time = 1530.0
# 8 	T = 1540	DT = 10	NI = 2	LI=12
Walltime = 4.079100847244263 Simulated time = 1540.0
# 9 	T = 1550	DT = 10	NI = 2	LI=15
Walltime = 4.595101356506348 Simulated time = 1550.0
# 10 	T = 1560	DT = 10	NI = 2	LI=12
Walltime = 5.062100410461426 Simulated time = 1560.0
# 11 	T = 1570	DT = 10	NI = 2	LI=13
Walltime = 5.578101634979248 Simulated time = 1570.0
# 12 	T = 1580	DT = 10	NI = 2	LI=12
Walltime = 6.041100978851318 Simulated time = 1580.0
# 13 	T = 1590	DT = 10	NI = 2	LI=13
Walltime = 6.505101919174194 Simulated time = 1590.0
# 14 	T = 1600	DT = 10	NI = 2	LI=11
Walltime = 6.969101190567017 Simulated time = 1600.0
# 15 	T = 1610	DT = 10	NI = 2	LI=11
Walltime = 7.440100193023682 Simulated time = 1610.0
# 16 	T = 1620	DT = 10	NI = 2	LI=13
Walltime = 7.907101154327393 Simulated time = 1620.0
# 17 	T = 1630	DT = 10	NI = 2	LI=14
Walltime = 8.373101711273193 Simulated time = 1630.0
# 18 	T = 1640	DT = 10	NI = 2	LI=12
Walltime = 8.840100765228271 Simulated time = 1640.0
# 19 	T = 1650	DT = 10	NI = 2	LI=13
Walltime = 9.277101516723633 Simulated time = 1650.0
# 20 	T = 1660	DT = 10	NI = 2	LI=12
Walltime = 9.747101068496704 Simulated time = 1660.0
# 21 	T = 1670	DT = 10	NI = 2	LI=13
Walltime = 10.204100847244263 Simulated time = 1670.0
# 22 	T = 1680	DT = 10	NI = 2	LI=13
Walltime = 10.664101123809814 Simulated time = 1680.0
# 23 	T = 1690	DT = 10	NI = 2	LI=13
Walltime = 11.127099990844727 Simulated time = 1690.0
# 24 	T = 1700	DT = 10	NI = 2	LI=13
Walltime = 11.603101015090942 Simulated time = 1700.0
# 25 	T = 1710	DT = 10	NI = 2	LI=14
Walltime = 12.083102464675903 Simulated time = 1710.0
# 26 	T = 1720	DT = 10	NI = 2	LI=12
Walltime = 12.517177104949951 Simulated time = 1720.0
# 27 	T = 1730	DT = 10	NI = 2	LI=13
Walltime = 12.9971764087677 Simulated time = 1730.0
# 28 	T = 1740	DT = 10	NI = 2	LI=13
Walltime = 13.464177370071411 Simulated time = 1740.0
# 29 	T = 1750	DT = 10	NI = 13	LI=94
Walltime = 14.904175996780396 Simulated time = 1750.0
# 30 	T = 1760	DT = 10	NI = 4	LI=20
Walltime = 15.48517656326294 Simulated time = 1760.0
# 31 	T = 1770	DT = 10	NI = 7	LI=41
Walltime = 16.34725785255432 Simulated time = 1770.0
# 32 	T = 1780	DT = 10	NI = 3	LI=16
Walltime = 16.838261127471924 Simulated time = 1780.0
# 33 	T = 1790	DT = 10	NI = 3	LI=20
Walltime = 17.389256477355957 Simulated time = 1790.0
# 34 	T = 1800	DT = 10	NI = 2	LI=13
Walltime = 17.83425736427307 Simulated time = 1800.0
# 35 	T = 1810	DT = 10	NI = 2	LI=14
Walltime = 18.253257989883423 Simulated time = 1810.0
# 36 	T = 1820	DT = 10	NI = 2	LI=12
Walltime = 18.69825768470764 Simulated time = 1820.0
# 37 	T = 1825	DT =  5	NI = 2	LI=11
TS = 463(249), NI = 1356(4232), LI = 6388(16399)
